<?xml version="1.0" encoding="utf-8"?>
<!DOCTYPE coverage SYSTEM "http://cobertura.sourceforge.net/xml/coverage-04.dtd">
<coverage line-rate="0.6875" branch-rate="1" lines-covered="11" lines-valid="16" branches-covered="0" branches-valid="0" complexity="4" version="0" timestamp="1688487608">
  <sources>
    <source>C:\Users\Pradeepa.lakshmanan\</source>
  </sources>
  <packages>
    <package name="ConsoleAppPipeline" line-rate="0.555555555555556" branch-rate="1" complexity="2">
      <classes>
        <class name="ConsoleAppPipeline.Helloworld" filename="C:\Users\Pradeepa.lakshmanan\source\repos\ConsoleAppPipeline\ConsoleAppPipeline\Helloworld.cs" line-rate="1" branch-rate="1" complexity="1">
          <methods>
            <method name="GetName" signature="()" line-rate="1" branch-rate="1" complexity="1">
              <lines>
                <line number="12" hits="1" branch="false" />
                <line number="13" hits="1" branch="false" />
                <line number="14" hits="1" branch="false" />
                <line number="15" hits="1" branch="false" />
                <line number="17" hits="1" branch="false" />
              </lines>
            </method>
          </methods>
          <lines>
            <line number="12" hits="1" branch="false" />
            <line number="13" hits="1" branch="false" />
            <line number="14" hits="1" branch="false" />
            <line number="15" hits="1" branch="false" />
            <line number="17" hits="1" branch="false" />
          </lines>
        </class>
        <class name="Program" filename="C:\Users\Pradeepa.lakshmanan\source\repos\ConsoleAppPipeline\ConsoleAppPipeline\Program.cs" line-rate="0" branch-rate="1" complexity="1">
          <methods>
            <method name="Main" signature="(...)" line-rate="0" branch-rate="1" complexity="1">
              <lines>
                <line number="7" hits="0" branch="false" />
                <line number="8" hits="0" branch="false" />
                <line number="9" hits="0" branch="false" />
                <line number="11" hits="0" branch="false" />
              </lines>
            </method>
          </methods>
          <lines>
            <line number="7" hits="0" branch="false" />
            <line number="8" hits="0" branch="false" />
            <line number="9" hits="0" branch="false" />
            <line number="11" hits="0" branch="false" />
          </lines>
        </class>
      </classes>
    </package>
    <package name="ConsoleappTest" line-rate="0.857142857142857" branch-rate="1" complexity="2">
      <classes>
        <class name="AutoGeneratedProgram" filename="C:\Users\Pradeepa.lakshmanan\.nuget\packages\microsoft.net.test.sdk\17.1.0\build\netcoreapp2.1\Microsoft.NET.Test.Sdk.Program.cs" line-rate="0" branch-rate="1" complexity="1">
          <methods>
            <method name="Main" signature="(...)" line-rate="0" branch-rate="1" complexity="1">
              <lines>
                <line number="4" hits="0" branch="false" />
              </lines>
            </method>
          </methods>
          <lines>
            <line number="4" hits="0" branch="false" />
          </lines>
        </class>
        <class name="ConsoleappTest.ProgramTest" filename="C:\Users\Pradeepa.lakshmanan\source\repos\ConsoleAppPipeline\ConsoleappTest\ProgramTest.cs" line-rate="1" branch-rate="1" complexity="1">
          <methods>
            <method name="TestMethod1" signature="()" line-rate="1" branch-rate="1" complexity="1">
              <lines>
                <line number="10" hits="1" branch="false" />
                <line number="11" hits="1" branch="false" />
                <line number="12" hits="1" branch="false" />
                <line number="13" hits="1" branch="false" />
                <line number="14" hits="1" branch="false" />
                <line number="15" hits="1" branch="false" />
              </lines>
            </method>
          </methods>
          <lines>
            <line number="10" hits="1" branch="false" />
            <line number="11" hits="1" branch="false" />
            <line number="12" hits="1" branch="false" />
            <line number="13" hits="1" branch="false" />
            <line number="14" hits="1" branch="false" />
            <line number="15" hits="1" branch="false" />
          </lines>
        </class>
      </classes>
    </package>
  </packages>
</coverage>