TpTrace Verbose: 0 : 62048, 1, 2023/07/04, 16:20:05.495, 1984268787989, vstest.console.dll, Version: 17.3.0-release-20220708-01 Current process architecture: X64
TpTrace Verbose: 0 : 62048, 1, 2023/07/04, 16:20:05.497, 1984268814834, vstest.console.dll, Runtime location: C:\Program Files\dotnet\shared\Microsoft.NETCore.App\6.0.18
TpTrace Information: 0 : 62048, 1, 2023/07/04, 16:20:05.507, 1984268908089, vstest.console.dll, FilePatternParser: The given file C:\Users\Pradeepa.lakshmanan\source\repos\ConsoleAppPipeline\ConsoleappTest\bin\Debug\net6.0\fine-code-coverage\build-output\ConsoleappTest.dll is a full path.
TpTrace Verbose: 0 : 62048, 1, 2023/07/04, 16:20:05.522, 1984269065345, vstest.console.dll, TestPluginCache.DiscoverTestExtensions: finding test extensions in assemblies ends with: RuntimeProvider.dll TPluginInfo: Microsoft.VisualStudio.TestPlatform.Common.ExtensionFramework.Utilities.TestRuntimePluginInformation TExtension: Microsoft.VisualStudio.TestPlatform.ObjectModel.Host.ITestRuntimeProvider
TpTrace Verbose: 0 : 62048, 1, 2023/07/04, 16:20:05.523, 1984269068077, vstest.console.dll, TestPluginCache.GetExtensionPaths: Filtered extension paths: 
TpTrace Verbose: 0 : 62048, 1, 2023/07/04, 16:20:05.523, 1984269068981, vstest.console.dll, TestPluginCache.GetExtensionPaths: Added default extension paths: C:\Program Files\dotnet\sdk\6.0.400\Extensions\Microsoft.Diagnostics.NETCore.Client.dll
C:\Program Files\dotnet\sdk\6.0.400\Extensions\Microsoft.TestPlatform.Extensions.BlameDataCollector.dll
C:\Program Files\dotnet\sdk\6.0.400\Extensions\Microsoft.TestPlatform.Extensions.EventLogCollector.dll
C:\Program Files\dotnet\sdk\6.0.400\Extensions\Microsoft.TestPlatform.TestHostRuntimeProvider.dll
C:\Program Files\dotnet\sdk\6.0.400\Extensions\Microsoft.VisualStudio.TestPlatform.Extensions.Html.TestLogger.dll
C:\Program Files\dotnet\sdk\6.0.400\Extensions\Microsoft.VisualStudio.TestPlatform.Extensions.Trx.TestLogger.dll
TpTrace Verbose: 0 : 62048, 1, 2023/07/04, 16:20:05.523, 1984269069319, vstest.console.dll, TestPluginCache.GetExtensionPaths: Added unfilterableExtensionPaths: 
TpTrace Information: 0 : 62048, 1, 2023/07/04, 16:20:05.524, 1984269076661, vstest.console.dll, AssemblyResolver.ctor: Creating AssemblyResolver with searchDirectories C:\Program Files\dotnet\sdk\6.0.400\Extensions,C:\Program Files\dotnet\sdk\6.0.400
TpTrace Verbose: 0 : 62048, 1, 2023/07/04, 16:20:05.527, 1984269110649, vstest.console.dll, TestPluginCache.DiscoverTestExtensions: Discovering the extensions using extension path.
TpTrace Verbose: 0 : 62048, 1, 2023/07/04, 16:20:05.527, 1984269113899, vstest.console.dll, TestPluginCache.GetExtensionPaths: Filtered extension paths: 
TpTrace Verbose: 0 : 62048, 1, 2023/07/04, 16:20:05.527, 1984269115471, vstest.console.dll, TestPluginCache.GetExtensionPaths: Added default extension paths: C:\Program Files\dotnet\sdk\6.0.400\Extensions\Microsoft.Diagnostics.NETCore.Client.dll
C:\Program Files\dotnet\sdk\6.0.400\Extensions\Microsoft.TestPlatform.Extensions.BlameDataCollector.dll
C:\Program Files\dotnet\sdk\6.0.400\Extensions\Microsoft.TestPlatform.Extensions.EventLogCollector.dll
C:\Program Files\dotnet\sdk\6.0.400\Extensions\Microsoft.TestPlatform.TestHostRuntimeProvider.dll
C:\Program Files\dotnet\sdk\6.0.400\Extensions\Microsoft.VisualStudio.TestPlatform.Extensions.Html.TestLogger.dll
C:\Program Files\dotnet\sdk\6.0.400\Extensions\Microsoft.VisualStudio.TestPlatform.Extensions.Trx.TestLogger.dll
TpTrace Verbose: 0 : 62048, 1, 2023/07/04, 16:20:05.528, 1984269116043, vstest.console.dll, TestPluginCache.GetExtensionPaths: Added unfilterableExtensionPaths: 
TpTrace Verbose: 0 : 62048, 1, 2023/07/04, 16:20:05.528, 1984269117151, vstest.console.dll, TestPluginCache.DiscoverTestExtensions: Discovering the extensions using allExtensionPaths: C:\Program Files\dotnet\sdk\6.0.400\Extensions\Microsoft.Diagnostics.NETCore.Client.dll
C:\Program Files\dotnet\sdk\6.0.400\Extensions\Microsoft.TestPlatform.Extensions.BlameDataCollector.dll
C:\Program Files\dotnet\sdk\6.0.400\Extensions\Microsoft.TestPlatform.Extensions.EventLogCollector.dll
C:\Program Files\dotnet\sdk\6.0.400\Extensions\Microsoft.TestPlatform.TestHostRuntimeProvider.dll
C:\Program Files\dotnet\sdk\6.0.400\Extensions\Microsoft.VisualStudio.TestPlatform.Extensions.Html.TestLogger.dll
C:\Program Files\dotnet\sdk\6.0.400\Extensions\Microsoft.VisualStudio.TestPlatform.Extensions.Trx.TestLogger.dll
TpTrace Information: 0 : 62048, 1, 2023/07/04, 16:20:05.528, 1984269119843, vstest.console.dll, AssemblyResolver.AddSearchDirectories: Adding more searchDirectories C:\Program Files\dotnet\sdk\6.0.400\Extensions,C:\Program Files\dotnet\sdk\6.0.400
TpTrace Information: 0 : 62048, 1, 2023/07/04, 16:20:05.528, 1984269120712, vstest.console.dll, AssemblyResolver.AddSearchDirectories: Adding more searchDirectories C:\Program Files\dotnet\sdk\6.0.400\Extensions,C:\Program Files\dotnet\sdk\6.0.400
TpTrace Information: 0 : 62048, 1, 2023/07/04, 16:20:05.528, 1984269121280, vstest.console.dll, AssemblyResolver.AddSearchDirectories: Adding more searchDirectories C:\Program Files\dotnet\sdk\6.0.400\Extensions,C:\Program Files\dotnet\sdk\6.0.400
TpTrace Information: 0 : 62048, 1, 2023/07/04, 16:20:05.528, 1984269121819, vstest.console.dll, AssemblyResolver.AddSearchDirectories: Adding more searchDirectories C:\Program Files\dotnet\sdk\6.0.400\Extensions,C:\Program Files\dotnet\sdk\6.0.400
TpTrace Information: 0 : 62048, 1, 2023/07/04, 16:20:05.528, 1984269122159, vstest.console.dll, AssemblyResolver.AddSearchDirectories: Adding more searchDirectories C:\Program Files\dotnet\sdk\6.0.400\Extensions,C:\Program Files\dotnet\sdk\6.0.400
TpTrace Information: 0 : 62048, 1, 2023/07/04, 16:20:05.528, 1984269122486, vstest.console.dll, AssemblyResolver.AddSearchDirectories: Adding more searchDirectories C:\Program Files\dotnet\sdk\6.0.400\Extensions,C:\Program Files\dotnet\sdk\6.0.400
TpTrace Information: 0 : 62048, 1, 2023/07/04, 16:20:05.529, 1984269129300, vstest.console.dll, AssemblyResolver.OnResolve: Microsoft.Diagnostics.NETCore.Client: Resolving assembly.
TpTrace Information: 0 : 62048, 1, 2023/07/04, 16:20:05.529, 1984269130207, vstest.console.dll, AssemblyResolver.OnResolve: Microsoft.Diagnostics.NETCore.Client: Searching in: 'C:\Program Files\dotnet\sdk\6.0.400\Extensions'.
TpTrace Information: 0 : 62048, 1, 2023/07/04, 16:20:05.530, 1984269137981, vstest.console.dll, AssemblyResolver.OnResolve: Microsoft.Diagnostics.NETCore.Client: Loading assembly 'C:\Program Files\dotnet\sdk\6.0.400\Extensions\Microsoft.Diagnostics.NETCore.Client.dll'.
TpTrace Information: 0 : 62048, 1, 2023/07/04, 16:20:05.531, 1984269154342, vstest.console.dll, AssemblyResolver.OnResolve: Resolved assembly: Microsoft.Diagnostics.NETCore.Client, from path: C:\Program Files\dotnet\sdk\6.0.400\Extensions\Microsoft.Diagnostics.NETCore.Client.dll
TpTrace Verbose: 0 : 62048, 1, 2023/07/04, 16:20:05.538, 1984269222349, vstest.console.dll, MetadataReaderExtensionsHelper: Discovering extensions inside assembly 'Microsoft.Diagnostics.NETCore.Client, Version=0.2.5.801, Culture=neutral, PublicKeyToken=31bf3856ad364e35' file path 'C:\Program Files\dotnet\sdk\6.0.400\Extensions\Microsoft.Diagnostics.NETCore.Client.dll'
TpTrace Information: 0 : 62048, 1, 2023/07/04, 16:20:05.557, 1984269407032, vstest.console.dll, AssemblyResolver.OnResolve: Microsoft.Bcl.AsyncInterfaces: Resolving assembly.
TpTrace Information: 0 : 62048, 1, 2023/07/04, 16:20:05.557, 1984269408615, vstest.console.dll, AssemblyResolver.OnResolve: Microsoft.Bcl.AsyncInterfaces: Searching in: 'C:\Program Files\dotnet\sdk\6.0.400\Extensions'.
TpTrace Information: 0 : 62048, 1, 2023/07/04, 16:20:05.557, 1984269409762, vstest.console.dll, AssemblyResolver.OnResolve: Microsoft.Bcl.AsyncInterfaces: Assembly path does not exist: 'C:\Program Files\dotnet\sdk\6.0.400\Extensions\Microsoft.Bcl.AsyncInterfaces.dll', returning.
TpTrace Information: 0 : 62048, 1, 2023/07/04, 16:20:05.557, 1984269410721, vstest.console.dll, AssemblyResolver.OnResolve: Microsoft.Bcl.AsyncInterfaces: Assembly path does not exist: 'C:\Program Files\dotnet\sdk\6.0.400\Extensions\Microsoft.Bcl.AsyncInterfaces.exe', returning.
TpTrace Information: 0 : 62048, 1, 2023/07/04, 16:20:05.557, 1984269411751, vstest.console.dll, AssemblyResolver.OnResolve: Microsoft.Bcl.AsyncInterfaces: Searching in: 'C:\Program Files\dotnet\sdk\6.0.400'.
TpTrace Information: 0 : 62048, 1, 2023/07/04, 16:20:05.557, 1984269412665, vstest.console.dll, AssemblyResolver.OnResolve: Microsoft.Bcl.AsyncInterfaces: Assembly path does not exist: 'C:\Program Files\dotnet\sdk\6.0.400\Microsoft.Bcl.AsyncInterfaces.dll', returning.
TpTrace Information: 0 : 62048, 1, 2023/07/04, 16:20:05.557, 1984269413330, vstest.console.dll, AssemblyResolver.OnResolve: Microsoft.Bcl.AsyncInterfaces: Assembly path does not exist: 'C:\Program Files\dotnet\sdk\6.0.400\Microsoft.Bcl.AsyncInterfaces.exe', returning.
TpTrace Information: 0 : 62048, 1, 2023/07/04, 16:20:05.557, 1984269413724, vstest.console.dll, AssemblyResolver.OnResolve: Microsoft.Bcl.AsyncInterfaces: Failed to load assembly.
TpTrace Verbose: 0 : 62048, 1, 2023/07/04, 16:20:05.557, 1984269414247, vstest.console.dll, CurrentDomainAssemblyResolve: Resolving assembly 'Microsoft.Bcl.AsyncInterfaces'.
TpTrace Information: 0 : 62048, 1, 2023/07/04, 16:20:05.557, 1984269415051, vstest.console.dll, AssemblyResolver.OnResolve: Microsoft.Bcl.AsyncInterfaces: Resolving assembly.
TpTrace Information: 0 : 62048, 1, 2023/07/04, 16:20:05.557, 1984269415521, vstest.console.dll, AssemblyResolver.OnResolve: Microsoft.Bcl.AsyncInterfaces: Resolved from cache.
TpTrace Verbose: 0 : 62048, 1, 2023/07/04, 16:20:05.557, 1984269415841, vstest.console.dll, CurrentDomainAssemblyResolve: Resolving assembly 'Microsoft.Bcl.AsyncInterfaces'.
TpTrace Verbose: 0 : 62048, 1, 2023/07/04, 16:20:05.558, 1984269416222, vstest.console.dll, CurrentDomainAssemblyResolve: Failed to resolve assembly 'Microsoft.Bcl.AsyncInterfaces'.
TpTrace Verbose: 0 : 62048, 1, 2023/07/04, 16:20:05.558, 1984269424408, vstest.console.dll, CurrentDomainAssemblyResolve: Failed to resolve assembly 'Microsoft.Bcl.AsyncInterfaces'.
TpTrace Warning: 0 : 62048, 1, 2023/07/04, 16:20:05.574, 1984269584319, vstest.console.dll, TestPluginDiscoverer: Failed to get types from assembly 'Microsoft.Diagnostics.NETCore.Client, Version=0.2.5.801, Culture=neutral, PublicKeyToken=31bf3856ad364e35'. Error: System.Reflection.ReflectionTypeLoadException: Unable to load one or more of the requested types.
Could not load file or assembly 'Microsoft.Bcl.AsyncInterfaces, Version=1.0.0.0, Culture=neutral, PublicKeyToken=cc7b13ffcd2ddd51'. The system cannot find the file specified.
   at System.Reflection.RuntimeModule.GetTypes(RuntimeModule module)
   at System.Reflection.Assembly.GetTypes()
   at Microsoft.VisualStudio.TestPlatform.Common.ExtensionFramework.TestPluginDiscoverer.GetTestExtensionsFromAssembly[TPluginInfo,TExtension](Assembly assembly, Dictionary`2 pluginInfos, String filePath)
System.IO.FileNotFoundException: Could not load file or assembly 'Microsoft.Bcl.AsyncInterfaces, Version=1.0.0.0, Culture=neutral, PublicKeyToken=cc7b13ffcd2ddd51'. The system cannot find the file specified.
File name: 'Microsoft.Bcl.AsyncInterfaces, Version=1.0.0.0, Culture=neutral, PublicKeyToken=cc7b13ffcd2ddd51'
 ---> System.IO.FileNotFoundException: Could not load file or assembly 'Microsoft.Bcl.AsyncInterfaces, Culture=neutral, PublicKeyToken=null'. The system cannot find the file specified.
File name: 'Microsoft.Bcl.AsyncInterfaces, Culture=neutral, PublicKeyToken=null'
   at System.Reflection.RuntimeAssembly.InternalLoad(ObjectHandleOnStack assemblyName, ObjectHandleOnStack requestingAssembly, StackCrawlMarkHandle stackMark, Boolean throwOnFileNotFound, ObjectHandleOnStack assemblyLoadContext, ObjectHandleOnStack retAssembly)
   at System.Reflection.RuntimeAssembly.InternalLoad(AssemblyName assemblyName, RuntimeAssembly requestingAssembly, StackCrawlMark& stackMark, Boolean throwOnFileNotFound, AssemblyLoadContext assemblyLoadContext)
   at System.Reflection.Assembly.Load(AssemblyName assemblyRef)
   at Microsoft.VisualStudio.TestPlatform.Common.ExtensionFramework.TestPluginCache.CurrentDomainAssemblyResolve(Object sender, AssemblyResolveEventArgs args)
   at Microsoft.VisualStudio.TestPlatform.PlatformAbstractions.PlatformAssemblyResolver.AssemblyResolverEvent(Object sender, Object eventArgs)
   at System.Runtime.Loader.AssemblyLoadContext.GetFirstResolvedAssemblyFromResolvingEvent(AssemblyName assemblyName)
   at System.Runtime.Loader.AssemblyLoadContext.ResolveUsingEvent(AssemblyName assemblyName)
   at System.Runtime.Loader.AssemblyLoadContext.ResolveUsingResolvingEvent(IntPtr gchManagedAssemblyLoadContext, AssemblyName assemblyName)
TpTrace Warning: 0 : 62048, 1, 2023/07/04, 16:20:05.575, 1984269589619, vstest.console.dll, LoaderExceptions: System.IO.FileNotFoundException: Could not load file or assembly 'Microsoft.Bcl.AsyncInterfaces, Version=1.0.0.0, Culture=neutral, PublicKeyToken=cc7b13ffcd2ddd51'. The system cannot find the file specified.
File name: 'Microsoft.Bcl.AsyncInterfaces, Version=1.0.0.0, Culture=neutral, PublicKeyToken=cc7b13ffcd2ddd51'
 ---> System.IO.FileNotFoundException: Could not load file or assembly 'Microsoft.Bcl.AsyncInterfaces, Culture=neutral, PublicKeyToken=null'. The system cannot find the file specified.
File name: 'Microsoft.Bcl.AsyncInterfaces, Culture=neutral, PublicKeyToken=null'
   at System.Reflection.RuntimeAssembly.InternalLoad(ObjectHandleOnStack assemblyName, ObjectHandleOnStack requestingAssembly, StackCrawlMarkHandle stackMark, Boolean throwOnFileNotFound, ObjectHandleOnStack assemblyLoadContext, ObjectHandleOnStack retAssembly)
   at System.Reflection.RuntimeAssembly.InternalLoad(AssemblyName assemblyName, RuntimeAssembly requestingAssembly, StackCrawlMark& stackMark, Boolean throwOnFileNotFound, AssemblyLoadContext assemblyLoadContext)
   at System.Reflection.Assembly.Load(AssemblyName assemblyRef)
   at Microsoft.VisualStudio.TestPlatform.Common.ExtensionFramework.TestPluginCache.CurrentDomainAssemblyResolve(Object sender, AssemblyResolveEventArgs args)
   at Microsoft.VisualStudio.TestPlatform.PlatformAbstractions.PlatformAssemblyResolver.AssemblyResolverEvent(Object sender, Object eventArgs)
   at System.Runtime.Loader.AssemblyLoadContext.GetFirstResolvedAssemblyFromResolvingEvent(AssemblyName assemblyName)
   at System.Runtime.Loader.AssemblyLoadContext.ResolveUsingEvent(AssemblyName assemblyName)
   at System.Runtime.Loader.AssemblyLoadContext.ResolveUsingResolvingEvent(IntPtr gchManagedAssemblyLoadContext, AssemblyName assemblyName)
TpTrace Information: 0 : 62048, 1, 2023/07/04, 16:20:05.575, 1984269591971, vstest.console.dll, AssemblyResolver.OnResolve: Microsoft.TestPlatform.Extensions.BlameDataCollector: Resolving assembly.
TpTrace Information: 0 : 62048, 1, 2023/07/04, 16:20:05.575, 1984269592543, vstest.console.dll, AssemblyResolver.OnResolve: Microsoft.TestPlatform.Extensions.BlameDataCollector: Searching in: 'C:\Program Files\dotnet\sdk\6.0.400\Extensions'.
TpTrace Information: 0 : 62048, 1, 2023/07/04, 16:20:05.576, 1984269604062, vstest.console.dll, AssemblyResolver.OnResolve: Microsoft.TestPlatform.Extensions.BlameDataCollector: Loading assembly 'C:\Program Files\dotnet\sdk\6.0.400\Extensions\Microsoft.TestPlatform.Extensions.BlameDataCollector.dll'.
TpTrace Information: 0 : 62048, 1, 2023/07/04, 16:20:05.578, 1984269622316, vstest.console.dll, AssemblyResolver.OnResolve: Resolved assembly: Microsoft.TestPlatform.Extensions.BlameDataCollector, from path: C:\Program Files\dotnet\sdk\6.0.400\Extensions\Microsoft.TestPlatform.Extensions.BlameDataCollector.dll
TpTrace Verbose: 0 : 62048, 1, 2023/07/04, 16:20:05.578, 1984269623850, vstest.console.dll, MetadataReaderExtensionsHelper: Discovering extensions inside assembly 'Microsoft.TestPlatform.Extensions.BlameDataCollector, Version=15.0.0.0, Culture=neutral, PublicKeyToken=b03f5f7f11d50a3a' file path 'C:\Program Files\dotnet\sdk\6.0.400\Extensions\Microsoft.TestPlatform.Extensions.BlameDataCollector.dll'
TpTrace Information: 0 : 62048, 1, 2023/07/04, 16:20:05.580, 1984269643624, vstest.console.dll, AssemblyResolver.OnResolve: Microsoft.TestPlatform.Extensions.EventLogCollector: Resolving assembly.
TpTrace Information: 0 : 62048, 1, 2023/07/04, 16:20:05.580, 1984269645041, vstest.console.dll, AssemblyResolver.OnResolve: Microsoft.TestPlatform.Extensions.EventLogCollector: Searching in: 'C:\Program Files\dotnet\sdk\6.0.400\Extensions'.
TpTrace Information: 0 : 62048, 1, 2023/07/04, 16:20:05.581, 1984269652655, vstest.console.dll, AssemblyResolver.OnResolve: Microsoft.TestPlatform.Extensions.EventLogCollector: Loading assembly 'C:\Program Files\dotnet\sdk\6.0.400\Extensions\Microsoft.TestPlatform.Extensions.EventLogCollector.dll'.
TpTrace Information: 0 : 62048, 1, 2023/07/04, 16:20:05.630, 1984270142301, vstest.console.dll, AssemblyResolver.OnResolve: Resolved assembly: Microsoft.TestPlatform.Extensions.EventLogCollector, from path: C:\Program Files\dotnet\sdk\6.0.400\Extensions\Microsoft.TestPlatform.Extensions.EventLogCollector.dll
TpTrace Verbose: 0 : 62048, 1, 2023/07/04, 16:20:05.630, 1984270143747, vstest.console.dll, MetadataReaderExtensionsHelper: Discovering extensions inside assembly 'Microsoft.TestPlatform.Extensions.EventLogCollector, Version=15.0.0.0, Culture=neutral, PublicKeyToken=b03f5f7f11d50a3a' file path 'C:\Program Files\dotnet\sdk\6.0.400\Extensions\Microsoft.TestPlatform.Extensions.EventLogCollector.dll'
TpTrace Information: 0 : 62048, 1, 2023/07/04, 16:20:05.634, 1984270185837, vstest.console.dll, AssemblyResolver.OnResolve: Microsoft.TestPlatform.TestHostRuntimeProvider: Resolving assembly.
TpTrace Information: 0 : 62048, 1, 2023/07/04, 16:20:05.635, 1984270187106, vstest.console.dll, AssemblyResolver.OnResolve: Microsoft.TestPlatform.TestHostRuntimeProvider: Searching in: 'C:\Program Files\dotnet\sdk\6.0.400\Extensions'.
TpTrace Information: 0 : 62048, 1, 2023/07/04, 16:20:05.635, 1984270193996, vstest.console.dll, AssemblyResolver.OnResolve: Microsoft.TestPlatform.TestHostRuntimeProvider: Loading assembly 'C:\Program Files\dotnet\sdk\6.0.400\Extensions\Microsoft.TestPlatform.TestHostRuntimeProvider.dll'.
TpTrace Information: 0 : 62048, 1, 2023/07/04, 16:20:05.637, 1984270208580, vstest.console.dll, AssemblyResolver.OnResolve: Resolved assembly: Microsoft.TestPlatform.TestHostRuntimeProvider, from path: C:\Program Files\dotnet\sdk\6.0.400\Extensions\Microsoft.TestPlatform.TestHostRuntimeProvider.dll
TpTrace Verbose: 0 : 62048, 1, 2023/07/04, 16:20:05.637, 1984270209781, vstest.console.dll, MetadataReaderExtensionsHelper: Discovering extensions inside assembly 'Microsoft.TestPlatform.TestHostRuntimeProvider, Version=15.0.0.0, Culture=neutral, PublicKeyToken=b03f5f7f11d50a3a' file path 'C:\Program Files\dotnet\sdk\6.0.400\Extensions\Microsoft.TestPlatform.TestHostRuntimeProvider.dll'
TpTrace Information: 0 : 62048, 1, 2023/07/04, 16:20:05.639, 1984270233232, vstest.console.dll, GetTestExtensionFromType: Register extension with identifier data 'HostProvider://DefaultTestHost' and type 'Microsoft.VisualStudio.TestPlatform.CrossPlatEngine.Hosting.DefaultTestHostManager, Microsoft.TestPlatform.TestHostRuntimeProvider, Version=15.0.0.0, Culture=neutral, PublicKeyToken=b03f5f7f11d50a3a' inside file 'C:\Program Files\dotnet\sdk\6.0.400\Extensions\Microsoft.TestPlatform.TestHostRuntimeProvider.dll'
TpTrace Information: 0 : 62048, 1, 2023/07/04, 16:20:05.639, 1984270234935, vstest.console.dll, GetTestExtensionFromType: Register extension with identifier data 'HostProvider://DotnetTestHost' and type 'Microsoft.VisualStudio.TestPlatform.CrossPlatEngine.Hosting.DotnetTestHostManager, Microsoft.TestPlatform.TestHostRuntimeProvider, Version=15.0.0.0, Culture=neutral, PublicKeyToken=b03f5f7f11d50a3a' inside file 'C:\Program Files\dotnet\sdk\6.0.400\Extensions\Microsoft.TestPlatform.TestHostRuntimeProvider.dll'
TpTrace Information: 0 : 62048, 1, 2023/07/04, 16:20:05.640, 1984270235985, vstest.console.dll, AssemblyResolver.OnResolve: Microsoft.VisualStudio.TestPlatform.Extensions.Html.TestLogger: Resolving assembly.
TpTrace Information: 0 : 62048, 1, 2023/07/04, 16:20:05.640, 1984270236380, vstest.console.dll, AssemblyResolver.OnResolve: Microsoft.VisualStudio.TestPlatform.Extensions.Html.TestLogger: Searching in: 'C:\Program Files\dotnet\sdk\6.0.400\Extensions'.
TpTrace Information: 0 : 62048, 1, 2023/07/04, 16:20:05.640, 1984270242677, vstest.console.dll, AssemblyResolver.OnResolve: Microsoft.VisualStudio.TestPlatform.Extensions.Html.TestLogger: Loading assembly 'C:\Program Files\dotnet\sdk\6.0.400\Extensions\Microsoft.VisualStudio.TestPlatform.Extensions.Html.TestLogger.dll'.
TpTrace Information: 0 : 62048, 1, 2023/07/04, 16:20:05.642, 1984270257719, vstest.console.dll, AssemblyResolver.OnResolve: Resolved assembly: Microsoft.VisualStudio.TestPlatform.Extensions.Html.TestLogger, from path: C:\Program Files\dotnet\sdk\6.0.400\Extensions\Microsoft.VisualStudio.TestPlatform.Extensions.Html.TestLogger.dll
TpTrace Verbose: 0 : 62048, 1, 2023/07/04, 16:20:05.642, 1984270259350, vstest.console.dll, MetadataReaderExtensionsHelper: Discovering extensions inside assembly 'Microsoft.VisualStudio.TestPlatform.Extensions.Html.TestLogger, Version=15.0.0.0, Culture=neutral, PublicKeyToken=b03f5f7f11d50a3a' file path 'C:\Program Files\dotnet\sdk\6.0.400\Extensions\Microsoft.VisualStudio.TestPlatform.Extensions.Html.TestLogger.dll'
TpTrace Information: 0 : 62048, 1, 2023/07/04, 16:20:05.643, 1984270275877, vstest.console.dll, AssemblyResolver.OnResolve: Microsoft.VisualStudio.TestPlatform.Extensions.Trx.TestLogger: Resolving assembly.
TpTrace Information: 0 : 62048, 1, 2023/07/04, 16:20:05.644, 1984270276723, vstest.console.dll, AssemblyResolver.OnResolve: Microsoft.VisualStudio.TestPlatform.Extensions.Trx.TestLogger: Searching in: 'C:\Program Files\dotnet\sdk\6.0.400\Extensions'.
TpTrace Information: 0 : 62048, 1, 2023/07/04, 16:20:05.644, 1984270283390, vstest.console.dll, AssemblyResolver.OnResolve: Microsoft.VisualStudio.TestPlatform.Extensions.Trx.TestLogger: Loading assembly 'C:\Program Files\dotnet\sdk\6.0.400\Extensions\Microsoft.VisualStudio.TestPlatform.Extensions.Trx.TestLogger.dll'.
TpTrace Information: 0 : 62048, 1, 2023/07/04, 16:20:05.646, 1984270299907, vstest.console.dll, AssemblyResolver.OnResolve: Resolved assembly: Microsoft.VisualStudio.TestPlatform.Extensions.Trx.TestLogger, from path: C:\Program Files\dotnet\sdk\6.0.400\Extensions\Microsoft.VisualStudio.TestPlatform.Extensions.Trx.TestLogger.dll
TpTrace Verbose: 0 : 62048, 1, 2023/07/04, 16:20:05.646, 1984270301147, vstest.console.dll, MetadataReaderExtensionsHelper: Discovering extensions inside assembly 'Microsoft.VisualStudio.TestPlatform.Extensions.Trx.TestLogger, Version=15.0.0.0, Culture=neutral, PublicKeyToken=b03f5f7f11d50a3a' file path 'C:\Program Files\dotnet\sdk\6.0.400\Extensions\Microsoft.VisualStudio.TestPlatform.Extensions.Trx.TestLogger.dll'
TpTrace Verbose: 0 : 62048, 1, 2023/07/04, 16:20:05.648, 1984270316765, vstest.console.dll, TestPluginCache: Discovered the extensions using extension path ''.
TpTrace Verbose: 0 : 62048, 1, 2023/07/04, 16:20:05.648, 1984270317670, vstest.console.dll, TestPluginCache: Discoverers are ''.
TpTrace Verbose: 0 : 62048, 1, 2023/07/04, 16:20:05.648, 1984270317956, vstest.console.dll, TestPluginCache: Executors are ''.
TpTrace Verbose: 0 : 62048, 1, 2023/07/04, 16:20:05.648, 1984270318253, vstest.console.dll, TestPluginCache: Executors2 are ''.
TpTrace Verbose: 0 : 62048, 1, 2023/07/04, 16:20:05.648, 1984270318499, vstest.console.dll, TestPluginCache: Setting providers are ''.
TpTrace Verbose: 0 : 62048, 1, 2023/07/04, 16:20:05.648, 1984270318762, vstest.console.dll, TestPluginCache: Loggers are ''.
TpTrace Verbose: 0 : 62048, 1, 2023/07/04, 16:20:05.648, 1984270320604, vstest.console.dll, TestPluginCache: TestHosts are 'HostProvider://DefaultTestHost,HostProvider://DotnetTestHost'.
TpTrace Verbose: 0 : 62048, 1, 2023/07/04, 16:20:05.648, 1984270321013, vstest.console.dll, TestPluginCache: DataCollectors are ''.
TpTrace Information: 0 : 62048, 1, 2023/07/04, 16:20:05.665, 1984270495621, vstest.console.dll, RunTestsArgumentProcessor:Execute: Test run is starting.
TpTrace Verbose: 0 : 62048, 1, 2023/07/04, 16:20:05.666, 1984270496724, vstest.console.dll, RunTestsArgumentProcessor:Execute: Queuing Test run.
TpTrace Information: 0 : 62048, 1, 2023/07/04, 16:20:05.666, 1984270499695, vstest.console.dll, TestRequestManager.RunTests: run tests started.
TpTrace Information: 0 : 62048, 1, 2023/07/04, 16:20:05.824, 1984272077663, vstest.console.dll, AssemblyMetadataProvider.GetFrameworkName: Determined framework:'.NETCoreApp,Version=v6.0' for source: 'C:\Users\Pradeepa.lakshmanan\source\repos\ConsoleAppPipeline\ConsoleappTest\bin\Debug\net6.0\fine-code-coverage\build-output\ConsoleappTest.dll'
TpTrace Information: 0 : 62048, 1, 2023/07/04, 16:20:05.824, 1984272079881, vstest.console.dll, Determined framework for all sources: .NETCoreApp,Version=v6.0
TpTrace Verbose: 0 : 62048, 1, 2023/07/04, 16:20:05.824, 1984272085847, vstest.console.dll, TestRequestManager.UpdateRunSettingsIfRequired: Default architecture: X64 IsDefaultTargetArchitecture: True, Current process architecture: X64 OperatingSystem: Windows.
TpTrace Information: 0 : 62048, 1, 2023/07/04, 16:20:05.827, 1984272110629, vstest.console.dll, AssemblyMetadataProvider.GetArchitecture: Determined architecture:AnyCPU info for assembly: C:\Users\Pradeepa.lakshmanan\source\repos\ConsoleAppPipeline\ConsoleappTest\bin\Debug\net6.0\fine-code-coverage\build-output\ConsoleappTest.dll
TpTrace Information: 0 : 62048, 1, 2023/07/04, 16:20:05.827, 1984272111284, vstest.console.dll, Determined platform for source 'C:\Users\Pradeepa.lakshmanan\source\repos\ConsoleAppPipeline\ConsoleappTest\bin\Debug\net6.0\fine-code-coverage\build-output\ConsoleappTest.dll' was AnyCPU and it will use the default plaform X64.
TpTrace Information: 0 : 62048, 1, 2023/07/04, 16:20:05.827, 1984272111490, vstest.console.dll, None of the sources provided any runnable platform, using the default platform: X64
TpTrace Information: 0 : 62048, 1, 2023/07/04, 16:20:05.827, 1984272112177, vstest.console.dll, Platform was updated to 'X64'.
TpTrace Information: 0 : 62048, 1, 2023/07/04, 16:20:05.830, 1984272140416, vstest.console.dll, InferRunSettingsHelper.IsTestSettingsEnabled: Unable to navigate to RunSettings/MSTest. Current node: RunSettings
TpTrace Information: 0 : 62048, 1, 2023/07/04, 16:20:05.830, 1984272145630, vstest.console.dll, AssemblyResolver.OnResolve: Microsoft.VisualStudio.TestPlatform.Fakes: Resolving assembly.
TpTrace Information: 0 : 62048, 1, 2023/07/04, 16:20:05.831, 1984272146201, vstest.console.dll, AssemblyResolver.OnResolve: Microsoft.VisualStudio.TestPlatform.Fakes: Searching in: 'C:\Program Files\dotnet\sdk\6.0.400\Extensions'.
TpTrace Information: 0 : 62048, 1, 2023/07/04, 16:20:05.831, 1984272147248, vstest.console.dll, AssemblyResolver.OnResolve: Microsoft.VisualStudio.TestPlatform.Fakes: Assembly path does not exist: 'C:\Program Files\dotnet\sdk\6.0.400\Extensions\Microsoft.VisualStudio.TestPlatform.Fakes.dll', returning.
TpTrace Information: 0 : 62048, 1, 2023/07/04, 16:20:05.831, 1984272147840, vstest.console.dll, AssemblyResolver.OnResolve: Microsoft.VisualStudio.TestPlatform.Fakes: Assembly path does not exist: 'C:\Program Files\dotnet\sdk\6.0.400\Extensions\Microsoft.VisualStudio.TestPlatform.Fakes.exe', returning.
TpTrace Information: 0 : 62048, 1, 2023/07/04, 16:20:05.831, 1984272148053, vstest.console.dll, AssemblyResolver.OnResolve: Microsoft.VisualStudio.TestPlatform.Fakes: Searching in: 'C:\Program Files\dotnet\sdk\6.0.400'.
TpTrace Information: 0 : 62048, 1, 2023/07/04, 16:20:05.831, 1984272148601, vstest.console.dll, AssemblyResolver.OnResolve: Microsoft.VisualStudio.TestPlatform.Fakes: Assembly path does not exist: 'C:\Program Files\dotnet\sdk\6.0.400\Microsoft.VisualStudio.TestPlatform.Fakes.dll', returning.
TpTrace Information: 0 : 62048, 1, 2023/07/04, 16:20:05.831, 1984272149295, vstest.console.dll, AssemblyResolver.OnResolve: Microsoft.VisualStudio.TestPlatform.Fakes: Assembly path does not exist: 'C:\Program Files\dotnet\sdk\6.0.400\Microsoft.VisualStudio.TestPlatform.Fakes.exe', returning.
TpTrace Information: 0 : 62048, 1, 2023/07/04, 16:20:05.831, 1984272149629, vstest.console.dll, AssemblyResolver.OnResolve: Microsoft.VisualStudio.TestPlatform.Fakes: Failed to load assembly.
TpTrace Information: 0 : 62048, 1, 2023/07/04, 16:20:05.831, 1984272152588, vstest.console.dll, Failed to load assembly Microsoft.VisualStudio.TestPlatform.Fakes, Version=17.0.0.0, Culture=neutral. Reason:System.IO.FileNotFoundException: Could not load file or assembly 'Microsoft.VisualStudio.TestPlatform.Fakes, Version=17.0.0.0, Culture=neutral, PublicKeyToken=null'. The system cannot find the file specified.
File name: 'Microsoft.VisualStudio.TestPlatform.Fakes, Version=17.0.0.0, Culture=neutral, PublicKeyToken=null'
   at System.Reflection.RuntimeAssembly.InternalLoad(ObjectHandleOnStack assemblyName, ObjectHandleOnStack requestingAssembly, StackCrawlMarkHandle stackMark, Boolean throwOnFileNotFound, ObjectHandleOnStack assemblyLoadContext, ObjectHandleOnStack retAssembly)
   at System.Reflection.RuntimeAssembly.InternalLoad(AssemblyName assemblyName, RuntimeAssembly requestingAssembly, StackCrawlMark& stackMark, Boolean throwOnFileNotFound, AssemblyLoadContext assemblyLoadContext)
   at System.Reflection.Assembly.Load(AssemblyName assemblyRef)
   at Microsoft.VisualStudio.TestPlatform.Common.Utilities.FakesUtilities.LoadTestPlatformAssembly()
TpTrace Verbose: 0 : 62048, 1, 2023/07/04, 16:20:05.834, 1984272180554, vstest.console.dll, TestPluginCache.DiscoverTestExtensions: finding test extensions in assemblies ends with: TestLogger.dll TPluginInfo: Microsoft.VisualStudio.TestPlatform.Common.ExtensionFramework.Utilities.TestLoggerPluginInformation TExtension: Microsoft.VisualStudio.TestPlatform.ObjectModel.Client.ITestLogger
TpTrace Verbose: 0 : 62048, 1, 2023/07/04, 16:20:05.834, 1984272181320, vstest.console.dll, TestPluginCache.GetExtensionPaths: Filtered extension paths: 
TpTrace Verbose: 0 : 62048, 1, 2023/07/04, 16:20:05.834, 1984272181658, vstest.console.dll, TestPluginCache.GetExtensionPaths: Added default extension paths: C:\Program Files\dotnet\sdk\6.0.400\Extensions\Microsoft.Diagnostics.NETCore.Client.dll
C:\Program Files\dotnet\sdk\6.0.400\Extensions\Microsoft.TestPlatform.Extensions.BlameDataCollector.dll
C:\Program Files\dotnet\sdk\6.0.400\Extensions\Microsoft.TestPlatform.Extensions.EventLogCollector.dll
C:\Program Files\dotnet\sdk\6.0.400\Extensions\Microsoft.TestPlatform.TestHostRuntimeProvider.dll
C:\Program Files\dotnet\sdk\6.0.400\Extensions\Microsoft.VisualStudio.TestPlatform.Extensions.Html.TestLogger.dll
C:\Program Files\dotnet\sdk\6.0.400\Extensions\Microsoft.VisualStudio.TestPlatform.Extensions.Trx.TestLogger.dll
TpTrace Verbose: 0 : 62048, 1, 2023/07/04, 16:20:05.834, 1984272181972, vstest.console.dll, TestPluginCache.GetExtensionPaths: Added unfilterableExtensionPaths: 
TpTrace Information: 0 : 62048, 1, 2023/07/04, 16:20:05.834, 1984272183367, vstest.console.dll, AssemblyResolver.AddSearchDirectories: Adding more searchDirectories C:\Program Files\dotnet\sdk\6.0.400\Extensions,C:\Program Files\dotnet\sdk\6.0.400
TpTrace Verbose: 0 : 62048, 1, 2023/07/04, 16:20:05.834, 1984272183789, vstest.console.dll, TestPluginCache.DiscoverTestExtensions: Discovering the extensions using extension path.
TpTrace Verbose: 0 : 62048, 1, 2023/07/04, 16:20:05.834, 1984272184052, vstest.console.dll, TestPluginCache.GetExtensionPaths: Filtered extension paths: 
TpTrace Verbose: 0 : 62048, 1, 2023/07/04, 16:20:05.834, 1984272184346, vstest.console.dll, TestPluginCache.GetExtensionPaths: Added default extension paths: C:\Program Files\dotnet\sdk\6.0.400\Extensions\Microsoft.Diagnostics.NETCore.Client.dll
C:\Program Files\dotnet\sdk\6.0.400\Extensions\Microsoft.TestPlatform.Extensions.BlameDataCollector.dll
C:\Program Files\dotnet\sdk\6.0.400\Extensions\Microsoft.TestPlatform.Extensions.EventLogCollector.dll
C:\Program Files\dotnet\sdk\6.0.400\Extensions\Microsoft.TestPlatform.TestHostRuntimeProvider.dll
C:\Program Files\dotnet\sdk\6.0.400\Extensions\Microsoft.VisualStudio.TestPlatform.Extensions.Html.TestLogger.dll
C:\Program Files\dotnet\sdk\6.0.400\Extensions\Microsoft.VisualStudio.TestPlatform.Extensions.Trx.TestLogger.dll
TpTrace Verbose: 0 : 62048, 1, 2023/07/04, 16:20:05.834, 1984272184953, vstest.console.dll, TestPluginCache.GetExtensionPaths: Added unfilterableExtensionPaths: 
TpTrace Verbose: 0 : 62048, 1, 2023/07/04, 16:20:05.834, 1984272185242, vstest.console.dll, TestPluginCache.DiscoverTestExtensions: Discovering the extensions using allExtensionPaths: C:\Program Files\dotnet\sdk\6.0.400\Extensions\Microsoft.Diagnostics.NETCore.Client.dll
C:\Program Files\dotnet\sdk\6.0.400\Extensions\Microsoft.TestPlatform.Extensions.BlameDataCollector.dll
C:\Program Files\dotnet\sdk\6.0.400\Extensions\Microsoft.TestPlatform.Extensions.EventLogCollector.dll
C:\Program Files\dotnet\sdk\6.0.400\Extensions\Microsoft.TestPlatform.TestHostRuntimeProvider.dll
C:\Program Files\dotnet\sdk\6.0.400\Extensions\Microsoft.VisualStudio.TestPlatform.Extensions.Html.TestLogger.dll
C:\Program Files\dotnet\sdk\6.0.400\Extensions\Microsoft.VisualStudio.TestPlatform.Extensions.Trx.TestLogger.dll
TpTrace Information: 0 : 62048, 1, 2023/07/04, 16:20:05.834, 1984272185563, vstest.console.dll, AssemblyResolver.AddSearchDirectories: Adding more searchDirectories C:\Program Files\dotnet\sdk\6.0.400\Extensions,C:\Program Files\dotnet\sdk\6.0.400
TpTrace Information: 0 : 62048, 1, 2023/07/04, 16:20:05.834, 1984272185801, vstest.console.dll, AssemblyResolver.AddSearchDirectories: Adding more searchDirectories C:\Program Files\dotnet\sdk\6.0.400\Extensions,C:\Program Files\dotnet\sdk\6.0.400
TpTrace Information: 0 : 62048, 1, 2023/07/04, 16:20:05.835, 1984272185989, vstest.console.dll, AssemblyResolver.AddSearchDirectories: Adding more searchDirectories C:\Program Files\dotnet\sdk\6.0.400\Extensions,C:\Program Files\dotnet\sdk\6.0.400
TpTrace Information: 0 : 62048, 1, 2023/07/04, 16:20:05.835, 1984272186171, vstest.console.dll, AssemblyResolver.AddSearchDirectories: Adding more searchDirectories C:\Program Files\dotnet\sdk\6.0.400\Extensions,C:\Program Files\dotnet\sdk\6.0.400
TpTrace Information: 0 : 62048, 1, 2023/07/04, 16:20:05.835, 1984272186379, vstest.console.dll, AssemblyResolver.AddSearchDirectories: Adding more searchDirectories C:\Program Files\dotnet\sdk\6.0.400\Extensions,C:\Program Files\dotnet\sdk\6.0.400
TpTrace Information: 0 : 62048, 1, 2023/07/04, 16:20:05.835, 1984272186559, vstest.console.dll, AssemblyResolver.AddSearchDirectories: Adding more searchDirectories C:\Program Files\dotnet\sdk\6.0.400\Extensions,C:\Program Files\dotnet\sdk\6.0.400
TpTrace Verbose: 0 : 62048, 1, 2023/07/04, 16:20:05.835, 1984272187354, vstest.console.dll, MetadataReaderExtensionsHelper: Discovering extensions inside assembly 'Microsoft.Diagnostics.NETCore.Client, Version=0.2.5.801, Culture=neutral, PublicKeyToken=31bf3856ad364e35' file path 'C:\Program Files\dotnet\sdk\6.0.400\Extensions\Microsoft.Diagnostics.NETCore.Client.dll'
TpTrace Information: 0 : 62048, 1, 2023/07/04, 16:20:05.835, 1984272193435, vstest.console.dll, AssemblyResolver.OnResolve: Microsoft.Bcl.AsyncInterfaces: Resolving assembly.
TpTrace Information: 0 : 62048, 1, 2023/07/04, 16:20:05.835, 1984272194008, vstest.console.dll, AssemblyResolver.OnResolve: Microsoft.Bcl.AsyncInterfaces: Resolved from cache.
TpTrace Verbose: 0 : 62048, 1, 2023/07/04, 16:20:05.835, 1984272194353, vstest.console.dll, CurrentDomainAssemblyResolve: Resolving assembly 'Microsoft.Bcl.AsyncInterfaces'.
TpTrace Information: 0 : 62048, 1, 2023/07/04, 16:20:05.835, 1984272194820, vstest.console.dll, AssemblyResolver.OnResolve: Microsoft.Bcl.AsyncInterfaces: Resolving assembly.
TpTrace Information: 0 : 62048, 1, 2023/07/04, 16:20:05.835, 1984272195087, vstest.console.dll, AssemblyResolver.OnResolve: Microsoft.Bcl.AsyncInterfaces: Resolved from cache.
TpTrace Verbose: 0 : 62048, 1, 2023/07/04, 16:20:05.835, 1984272195296, vstest.console.dll, CurrentDomainAssemblyResolve: Resolving assembly 'Microsoft.Bcl.AsyncInterfaces'.
TpTrace Verbose: 0 : 62048, 1, 2023/07/04, 16:20:05.835, 1984272195467, vstest.console.dll, CurrentDomainAssemblyResolve: Failed to resolve assembly 'Microsoft.Bcl.AsyncInterfaces'.
TpTrace Verbose: 0 : 62048, 1, 2023/07/04, 16:20:05.836, 1984272196979, vstest.console.dll, CurrentDomainAssemblyResolve: Failed to resolve assembly 'Microsoft.Bcl.AsyncInterfaces'.
TpTrace Warning: 0 : 62048, 1, 2023/07/04, 16:20:05.836, 1984272199417, vstest.console.dll, TestPluginDiscoverer: Failed to get types from assembly 'Microsoft.Diagnostics.NETCore.Client, Version=0.2.5.801, Culture=neutral, PublicKeyToken=31bf3856ad364e35'. Error: System.Reflection.ReflectionTypeLoadException: Unable to load one or more of the requested types.
Could not load file or assembly 'Microsoft.Bcl.AsyncInterfaces, Version=1.0.0.0, Culture=neutral, PublicKeyToken=cc7b13ffcd2ddd51'. The system cannot find the file specified.
   at System.Reflection.RuntimeModule.GetTypes(RuntimeModule module)
   at System.Reflection.Assembly.GetTypes()
   at Microsoft.VisualStudio.TestPlatform.Common.ExtensionFramework.TestPluginDiscoverer.GetTestExtensionsFromAssembly[TPluginInfo,TExtension](Assembly assembly, Dictionary`2 pluginInfos, String filePath)
System.IO.FileNotFoundException: Could not load file or assembly 'Microsoft.Bcl.AsyncInterfaces, Version=1.0.0.0, Culture=neutral, PublicKeyToken=cc7b13ffcd2ddd51'. The system cannot find the file specified.
File name: 'Microsoft.Bcl.AsyncInterfaces, Version=1.0.0.0, Culture=neutral, PublicKeyToken=cc7b13ffcd2ddd51'
 ---> System.IO.FileNotFoundException: Could not load file or assembly 'Microsoft.Bcl.AsyncInterfaces, Culture=neutral, PublicKeyToken=null'. The system cannot find the file specified.
File name: 'Microsoft.Bcl.AsyncInterfaces, Culture=neutral, PublicKeyToken=null'
   at System.Reflection.RuntimeAssembly.InternalLoad(ObjectHandleOnStack assemblyName, ObjectHandleOnStack requestingAssembly, StackCrawlMarkHandle stackMark, Boolean throwOnFileNotFound, ObjectHandleOnStack assemblyLoadContext, ObjectHandleOnStack retAssembly)
   at System.Reflection.RuntimeAssembly.InternalLoad(AssemblyName assemblyName, RuntimeAssembly requestingAssembly, StackCrawlMark& stackMark, Boolean throwOnFileNotFound, AssemblyLoadContext assemblyLoadContext)
   at System.Reflection.Assembly.Load(AssemblyName assemblyRef)
   at Microsoft.VisualStudio.TestPlatform.Common.ExtensionFramework.TestPluginCache.CurrentDomainAssemblyResolve(Object sender, AssemblyResolveEventArgs args)
   at Microsoft.VisualStudio.TestPlatform.PlatformAbstractions.PlatformAssemblyResolver.AssemblyResolverEvent(Object sender, Object eventArgs)
   at System.Runtime.Loader.AssemblyLoadContext.GetFirstResolvedAssemblyFromResolvingEvent(AssemblyName assemblyName)
   at System.Runtime.Loader.AssemblyLoadContext.ResolveUsingEvent(AssemblyName assemblyName)
   at System.Runtime.Loader.AssemblyLoadContext.ResolveUsingResolvingEvent(IntPtr gchManagedAssemblyLoadContext, AssemblyName assemblyName)
TpTrace Warning: 0 : 62048, 1, 2023/07/04, 16:20:05.836, 1984272200698, vstest.console.dll, LoaderExceptions: System.IO.FileNotFoundException: Could not load file or assembly 'Microsoft.Bcl.AsyncInterfaces, Version=1.0.0.0, Culture=neutral, PublicKeyToken=cc7b13ffcd2ddd51'. The system cannot find the file specified.
File name: 'Microsoft.Bcl.AsyncInterfaces, Version=1.0.0.0, Culture=neutral, PublicKeyToken=cc7b13ffcd2ddd51'
 ---> System.IO.FileNotFoundException: Could not load file or assembly 'Microsoft.Bcl.AsyncInterfaces, Culture=neutral, PublicKeyToken=null'. The system cannot find the file specified.
File name: 'Microsoft.Bcl.AsyncInterfaces, Culture=neutral, PublicKeyToken=null'
   at System.Reflection.RuntimeAssembly.InternalLoad(ObjectHandleOnStack assemblyName, ObjectHandleOnStack requestingAssembly, StackCrawlMarkHandle stackMark, Boolean throwOnFileNotFound, ObjectHandleOnStack assemblyLoadContext, ObjectHandleOnStack retAssembly)
   at System.Reflection.RuntimeAssembly.InternalLoad(AssemblyName assemblyName, RuntimeAssembly requestingAssembly, StackCrawlMark& stackMark, Boolean throwOnFileNotFound, AssemblyLoadContext assemblyLoadContext)
   at System.Reflection.Assembly.Load(AssemblyName assemblyRef)
   at Microsoft.VisualStudio.TestPlatform.Common.ExtensionFramework.TestPluginCache.CurrentDomainAssemblyResolve(Object sender, AssemblyResolveEventArgs args)
   at Microsoft.VisualStudio.TestPlatform.PlatformAbstractions.PlatformAssemblyResolver.AssemblyResolverEvent(Object sender, Object eventArgs)
   at System.Runtime.Loader.AssemblyLoadContext.GetFirstResolvedAssemblyFromResolvingEvent(AssemblyName assemblyName)
   at System.Runtime.Loader.AssemblyLoadContext.ResolveUsingEvent(AssemblyName assemblyName)
   at System.Runtime.Loader.AssemblyLoadContext.ResolveUsingResolvingEvent(IntPtr gchManagedAssemblyLoadContext, AssemblyName assemblyName)
TpTrace Verbose: 0 : 62048, 1, 2023/07/04, 16:20:05.836, 1984272201688, vstest.console.dll, MetadataReaderExtensionsHelper: Discovering extensions inside assembly 'Microsoft.TestPlatform.Extensions.BlameDataCollector, Version=15.0.0.0, Culture=neutral, PublicKeyToken=b03f5f7f11d50a3a' file path 'C:\Program Files\dotnet\sdk\6.0.400\Extensions\Microsoft.TestPlatform.Extensions.BlameDataCollector.dll'
TpTrace Information: 0 : 62048, 1, 2023/07/04, 16:20:05.837, 1984272207336, vstest.console.dll, GetTestExtensionFromType: Register extension with identifier data 'logger://Microsoft/TestPlatform/Extensions/Blame/v1' and type 'Microsoft.TestPlatform.Extensions.BlameDataCollector.BlameLogger, Microsoft.TestPlatform.Extensions.BlameDataCollector, Version=15.0.0.0, Culture=neutral, PublicKeyToken=b03f5f7f11d50a3a' inside file 'C:\Program Files\dotnet\sdk\6.0.400\Extensions\Microsoft.TestPlatform.Extensions.BlameDataCollector.dll'
TpTrace Verbose: 0 : 62048, 1, 2023/07/04, 16:20:05.837, 1984272207900, vstest.console.dll, MetadataReaderExtensionsHelper: Discovering extensions inside assembly 'Microsoft.TestPlatform.Extensions.EventLogCollector, Version=15.0.0.0, Culture=neutral, PublicKeyToken=b03f5f7f11d50a3a' file path 'C:\Program Files\dotnet\sdk\6.0.400\Extensions\Microsoft.TestPlatform.Extensions.EventLogCollector.dll'
TpTrace Verbose: 0 : 62048, 1, 2023/07/04, 16:20:05.837, 1984272212008, vstest.console.dll, MetadataReaderExtensionsHelper: Discovering extensions inside assembly 'Microsoft.TestPlatform.TestHostRuntimeProvider, Version=15.0.0.0, Culture=neutral, PublicKeyToken=b03f5f7f11d50a3a' file path 'C:\Program Files\dotnet\sdk\6.0.400\Extensions\Microsoft.TestPlatform.TestHostRuntimeProvider.dll'
TpTrace Verbose: 0 : 62048, 1, 2023/07/04, 16:20:05.838, 1984272216859, vstest.console.dll, MetadataReaderExtensionsHelper: Discovering extensions inside assembly 'Microsoft.VisualStudio.TestPlatform.Extensions.Html.TestLogger, Version=15.0.0.0, Culture=neutral, PublicKeyToken=b03f5f7f11d50a3a' file path 'C:\Program Files\dotnet\sdk\6.0.400\Extensions\Microsoft.VisualStudio.TestPlatform.Extensions.Html.TestLogger.dll'
TpTrace Information: 0 : 62048, 1, 2023/07/04, 16:20:05.838, 1984272224697, vstest.console.dll, GetTestExtensionFromType: Register extension with identifier data 'logger://Microsoft/TestPlatform/HtmlLogger/v1' and type 'Microsoft.VisualStudio.TestPlatform.Extensions.HtmlLogger.HtmlLogger, Microsoft.VisualStudio.TestPlatform.Extensions.Html.TestLogger, Version=15.0.0.0, Culture=neutral, PublicKeyToken=b03f5f7f11d50a3a' inside file 'C:\Program Files\dotnet\sdk\6.0.400\Extensions\Microsoft.VisualStudio.TestPlatform.Extensions.Html.TestLogger.dll'
TpTrace Verbose: 0 : 62048, 1, 2023/07/04, 16:20:05.838, 1984272225416, vstest.console.dll, MetadataReaderExtensionsHelper: Discovering extensions inside assembly 'Microsoft.VisualStudio.TestPlatform.Extensions.Trx.TestLogger, Version=15.0.0.0, Culture=neutral, PublicKeyToken=b03f5f7f11d50a3a' file path 'C:\Program Files\dotnet\sdk\6.0.400\Extensions\Microsoft.VisualStudio.TestPlatform.Extensions.Trx.TestLogger.dll'
TpTrace Information: 0 : 62048, 1, 2023/07/04, 16:20:05.839, 1984272230649, vstest.console.dll, GetTestExtensionFromType: Register extension with identifier data 'logger://Microsoft/TestPlatform/TrxLogger/v1' and type 'Microsoft.VisualStudio.TestPlatform.Extensions.TrxLogger.TrxLogger, Microsoft.VisualStudio.TestPlatform.Extensions.Trx.TestLogger, Version=15.0.0.0, Culture=neutral, PublicKeyToken=b03f5f7f11d50a3a' inside file 'C:\Program Files\dotnet\sdk\6.0.400\Extensions\Microsoft.VisualStudio.TestPlatform.Extensions.Trx.TestLogger.dll'
TpTrace Verbose: 0 : 62048, 1, 2023/07/04, 16:20:05.839, 1984272231681, vstest.console.dll, TestPluginCache: Discovered the extensions using extension path ''.
TpTrace Verbose: 0 : 62048, 1, 2023/07/04, 16:20:05.839, 1984272231951, vstest.console.dll, TestPluginCache: Discoverers are ''.
TpTrace Verbose: 0 : 62048, 1, 2023/07/04, 16:20:05.839, 1984272232121, vstest.console.dll, TestPluginCache: Executors are ''.
TpTrace Verbose: 0 : 62048, 1, 2023/07/04, 16:20:05.839, 1984272232281, vstest.console.dll, TestPluginCache: Executors2 are ''.
TpTrace Verbose: 0 : 62048, 1, 2023/07/04, 16:20:05.839, 1984272232439, vstest.console.dll, TestPluginCache: Setting providers are ''.
TpTrace Verbose: 0 : 62048, 1, 2023/07/04, 16:20:05.839, 1984272232984, vstest.console.dll, TestPluginCache: Loggers are 'logger://Microsoft/TestPlatform/Extensions/Blame/v1,logger://Microsoft/TestPlatform/HtmlLogger/v1,logger://Microsoft/TestPlatform/TrxLogger/v1'.
TpTrace Verbose: 0 : 62048, 1, 2023/07/04, 16:20:05.839, 1984272233272, vstest.console.dll, TestPluginCache: TestHosts are 'HostProvider://DefaultTestHost,HostProvider://DotnetTestHost'.
TpTrace Verbose: 0 : 62048, 1, 2023/07/04, 16:20:05.839, 1984272233450, vstest.console.dll, TestPluginCache: DataCollectors are ''.
TpTrace Information: 0 : 62048, 1, 2023/07/04, 16:20:05.840, 1984272238241, vstest.console.dll, TestPluginManager.CreateTestExtension: Attempting to load test extension: Microsoft.TestPlatform.Extensions.BlameDataCollector.BlameLogger
TpTrace Verbose: 0 : 62048, 1, 2023/07/04, 16:20:05.844, 1984272279198, vstest.console.dll, TestEngine: Initializing Parallel Execution as MaxCpuCount is set to: 1
TpTrace Information: 0 : 62048, 1, 2023/07/04, 16:20:05.845, 1984272289897, vstest.console.dll, TestPluginManager.CreateTestExtension: Attempting to load test extension: Microsoft.VisualStudio.TestPlatform.CrossPlatEngine.Hosting.DefaultTestHostManager
TpTrace Information: 0 : 62048, 1, 2023/07/04, 16:20:05.847, 1984272306960, vstest.console.dll, TestPluginManager.CreateTestExtension: Attempting to load test extension: Microsoft.VisualStudio.TestPlatform.CrossPlatEngine.Hosting.DotnetTestHostManager
TpTrace Information: 0 : 62048, 1, 2023/07/04, 16:20:05.847, 1984272311300, vstest.console.dll, InferRunSettingsHelper.IsTestSettingsEnabled: Unable to navigate to RunSettings/MSTest. Current node: RunSettings
TpTrace Verbose: 0 : 62048, 1, 2023/07/04, 16:20:05.851, 1984272348322, vstest.console.dll, TestEngine.GetExecutionManager: Chosen execution manager 'Microsoft.VisualStudio.TestPlatform.CrossPlatEngine.Client.Parallel.ParallelProxyExecutionManager, Microsoft.TestPlatform.CrossPlatEngine, Version=15.0.0.0, Culture=neutral, PublicKeyToken=b03f5f7f11d50a3a' ParallelLevel '1'.
TpTrace Verbose: 0 : 62048, 1, 2023/07/04, 16:20:05.851, 1984272349840, vstest.console.dll, TestRunRequest.ExecuteAsync: Creating test run request.
TpTrace Verbose: 0 : 62048, 1, 2023/07/04, 16:20:05.851, 1984272351952, vstest.console.dll, TestRunRequest.ExecuteAsync: Starting.
TpTrace Information: 0 : 62048, 1, 2023/07/04, 16:20:05.851, 1984272355197, vstest.console.dll, TestRunRequest.ExecuteAsync: Starting run with settings:TestRunCriteria:
   KeepAlive=False,FrequencyOfRunStatsChangeEvent=10,RunStatsChangeEventTimeout=00:00:01.5000000,TestCaseFilter=,TestExecutorLauncher=
   Settingsxml=<RunSettings>
  <RunConfiguration>
    <ResultsDirectory>C:\Users\Pradeepa.lakshmanan\source\repos\ConsoleAppPipeline\ConsoleappTest\bin\Debug\net6.0\fine-code-coverage\coverage-tool-output</ResultsDirectory>
    <TargetPlatform>X64</TargetPlatform>
    <TargetFrameworkVersion>.NETCoreApp,Version=v6.0</TargetFrameworkVersion>
    <DesignMode>False</DesignMode>
    <CollectSourceInformation>False</CollectSourceInformation>
  </RunConfiguration>
  <LoggerRunSettings>
    <Loggers>
      <Logger friendlyName="blame" enabled="True" />
      <Logger friendlyName="Console" uri="logger://microsoft/TestPlatform/ConsoleLogger/v1" assemblyQualifiedName="Microsoft.VisualStudio.TestPlatform.CommandLine.Internal.ConsoleLogger, vstest.console, Version=15.0.0.0, Culture=neutral, PublicKeyToken=b03f5f7f11d50a3a" codeBase="C:\Program Files\dotnet\sdk\6.0.400\vstest.console.dll" enabled="True" />
    </Loggers>
  </LoggerRunSettings>
  <DataCollectionRunSettings>
    <DataCollectors>
      <DataCollector friendlyName="blame" enabled="True">
        <Configuration>
          <ResultsDirectory>C:\Users\Pradeepa.lakshmanan\source\repos\ConsoleAppPipeline\ConsoleappTest\bin\Debug\net6.0\fine-code-coverage\coverage-tool-output</ResultsDirectory>
        </Configuration>
      </DataCollector>
    </DataCollectors>
  </DataCollectionRunSettings>
</RunSettings>

TpTrace Verbose: 0 : 62048, 1, 2023/07/04, 16:20:05.852, 1984272356353, vstest.console.dll, TestRunRequest.ExecuteAsync: Wait for the first run request is over.
TpTrace Verbose: 0 : 62048, 1, 2023/07/04, 16:20:05.852, 1984272359161, vstest.console.dll, MulticastDelegateUtilities.SafeInvoke: TestRun.TestRunStart: Invoking callbacks was skipped because there are no subscribers.
TpTrace Verbose: 0 : 62048, 4, 2023/07/04, 16:20:05.852, 1984272361398, vstest.console.dll, MulticastDelegateUtilities.SafeInvoke: InternalTestLoggerEvents.SendTestRunStart: Invoking callback 1/1 for Microsoft.VisualStudio.TestPlatform.CommandLine.Internal.ConsoleLogger.TestRunStartHandler, took 0 ms.
TpTrace Verbose: 0 : 62048, 1, 2023/07/04, 16:20:05.853, 1984272368202, vstest.console.dll, ParallelProxyExecutionManager: Start execution. Total sources: 1
TpTrace Verbose: 0 : 62048, 1, 2023/07/04, 16:20:05.854, 1984272382420, vstest.console.dll, TestRequestSender is acting as server.
TpTrace Verbose: 0 : 62048, 1, 2023/07/04, 16:20:05.855, 1984272393284, vstest.console.dll, DataCollectionRequestSender.InitializeCommunication : Initialize communication. 
TpTrace Information: 0 : 62048, 1, 2023/07/04, 16:20:05.864, 1984272480697, vstest.console.dll, Listening on Endpoint : 127.0.0.1:49350
TpTrace Verbose: 0 : 62048, 1, 2023/07/04, 16:20:05.871, 1984272551916, vstest.console.dll, DotnetDataCollectionLauncher: Adding  --runtimeconfig "C:\Program Files\dotnet\sdk\6.0.400\datacollector.runtimeconfig.json" in args
TpTrace Verbose: 0 : 62048, 1, 2023/07/04, 16:20:05.871, 1984272553355, vstest.console.dll, DotnetDataCollectionLauncher: Adding  --depsfile "C:\Program Files\dotnet\sdk\6.0.400\datacollector.deps.json" in args
TpTrace Verbose: 0 : 62048, 1, 2023/07/04, 16:20:05.871, 1984272554245, vstest.console.dll, DotnetDataCollectionLauncher: Full path of dotnet.exe is C:\Program Files\dotnet\dotnet.exe
TpTrace Information: 0 : 62048, 1, 2023/07/04, 16:20:05.898, 1984272819290, vstest.console.dll, ProxyDataCollectionManager.Initialize: Launched datacollector processId: 16456 port: 49350
TpTrace Information: 0 : 62048, 1, 2023/07/04, 16:20:05.898, 1984272820988, vstest.console.dll, ProxyDataCollectionManager.Initialize: waiting for connection with timeout: 90 seconds
TpTrace Verbose: 0 : 62048, 1, 2023/07/04, 16:20:05.898, 1984272821880, vstest.console.dll, DataCollectionRequestSender.WaitForRequestHandlerConnection : Waiting for connection with timeout: 90000
TpTrace Information: 0 : 62048, 5, 2023/07/04, 16:20:06.102, 1984274862074, vstest.console.dll, Using the buffer size of 16384 bytes
TpTrace Verbose: 0 : 62048, 1, 2023/07/04, 16:20:06.102, 1984274862240, vstest.console.dll, SocketCommunicationManager.WaitForClientConnection took: 203 ms, with 90000 ms timeout, and finished with True.
TpTrace Information: 0 : 62048, 5, 2023/07/04, 16:20:06.102, 1984274863190, vstest.console.dll, Accepted Client request and set the flag
TpTrace Verbose: 0 : 62048, 1, 2023/07/04, 16:20:06.102, 1984274864376, vstest.console.dll, ProxyDataCollectionManager.InvokeDataCollectionServiceAction: Starting.
TpTrace Information: 0 : 62048, 1, 2023/07/04, 16:20:06.102, 1984274865200, vstest.console.dll, ProxyDataCollectionManager.BeforeTestRunStart: Get environment variable and port for datacollector processId: 16456 port: 49350
TpTrace Verbose: 0 : 62048, 1, 2023/07/04, 16:20:06.103, 1984274865999, vstest.console.dll, DataCollectionRequestSender.SendBeforeTestRunStartAndGetResult: Send BeforeTestRunStart message with settingsXml <RunSettings><RunConfiguration><ResultsDirectory>C:\Users\Pradeepa.lakshmanan\source\repos\ConsoleAppPipeline\ConsoleappTest\bin\Debug\net6.0\fine-code-coverage\coverage-tool-output</ResultsDirectory><TargetPlatform>X64</TargetPlatform><TargetFrameworkVersion>.NETCoreApp,Version=v6.0</TargetFrameworkVersion><DesignMode>False</DesignMode><CollectSourceInformation>False</CollectSourceInformation><TestAdaptersPaths>C:\Program Files\dotnet\sdk\6.0.400\Extensions</TestAdaptersPaths></RunConfiguration><LoggerRunSettings><Loggers><Logger friendlyName="blame" enabled="True" /><Logger friendlyName="Console" uri="logger://microsoft/TestPlatform/ConsoleLogger/v1" assemblyQualifiedName="Microsoft.VisualStudio.TestPlatform.CommandLine.Internal.ConsoleLogger, vstest.console, Version=15.0.0.0, Culture=neutral, PublicKeyToken=b03f5f7f11d50a3a" codeBase="C:\Program Files\dotnet\sdk\6.0.400\vstest.console.dll" enabled="True" /></Loggers></LoggerRunSettings><DataCollectionRunSettings><DataCollectors><DataCollector friendlyName="blame" enabled="True"><Configuration><ResultsDirectory>C:\Users\Pradeepa.lakshmanan\source\repos\ConsoleAppPipeline\ConsoleappTest\bin\Debug\net6.0\fine-code-coverage\coverage-tool-output</ResultsDirectory></Configuration></DataCollector></DataCollectors></DataCollectionRunSettings></RunSettings> and sources System.Collections.Generic.List`1[System.String]: 
TpTrace Verbose: 0 : 62048, 1, 2023/07/04, 16:20:06.162, 1984275461747, vstest.console.dll, DataCollectionRequestSender.SendBeforeTestRunStartAndGetResult: Received message: (DataCollection.SendMessage) -> {"MessageType":"DataCollection.SendMessage","Payload":{"FriendlyName":null,"Uri":null,"TestCaseId":"00000000-0000-0000-0000-000000000000","Message":"Logging DataCollector Diagnostics in file: C:\\Users\\Pradeepa.lakshmanan\\source\\repos\\ConsoleAppPipeline\\ConsoleappTest\\bin\\Debug\\net6.0\\fine-code-coverage\\coverage-tool-output\\diagnostics.datacollector.23-07-04_16-20-05_87138_1.log","Level":0}}
TpTrace Verbose: 0 : 62048, 1, 2023/07/04, 16:20:06.253, 1984276367671, vstest.console.dll, DataCollectionRequestSender.SendBeforeTestRunStartAndGetResult: Received message: (DataCollection.BeforeTestRunStartResult) -> {"MessageType":"DataCollection.BeforeTestRunStartResult","Payload":{"EnvironmentVariables":{},"DataCollectionEventsPort":49352}}
TpTrace Information: 0 : 62048, 1, 2023/07/04, 16:20:06.258, 1984276417487, vstest.console.dll, ProxyDataCollectionManager.BeforeTestRunStart: SendBeforeTestRunStartAndGetResult successful, env variable from datacollector:   and testhost port: 49352
TpTrace Information: 0 : 62048, 1, 2023/07/04, 16:20:06.258, 1984276418593, vstest.console.dll, ProxyDataCollectionManager.InvokeDataCollectionServiceAction: Completed.
TpTrace Verbose: 0 : 62048, 7, 2023/07/04, 16:20:06.258, 1984276419727, vstest.console.dll, ParallelProxyExecutionManager: Execution started. Started clients: 1
TpTrace Verbose: 0 : 62048, 1, 2023/07/04, 16:20:06.258, 1984276420107, vstest.console.dll, ProxyParallelExecutionManager: No sources available for execution.
TpTrace Information: 0 : 62048, 1, 2023/07/04, 16:20:06.258, 1984276421014, vstest.console.dll, TestRunRequest.ExecuteAsync: Started.
TpTrace Verbose: 0 : 62048, 1, 2023/07/04, 16:20:06.258, 1984276421711, vstest.console.dll, TestRunRequest.WaitForCompletion: Waiting with timeout -1.
TpTrace Verbose: 0 : 62048, 7, 2023/07/04, 16:20:06.258, 1984276422028, vstest.console.dll, TestRunRequest:SendTestRunMessage: Starting.
TpTrace Verbose: 0 : 62048, 7, 2023/07/04, 16:20:06.258, 1984276423359, vstest.console.dll, MulticastDelegateUtilities.SafeInvoke: TestRun.LogMessages: Invoking callback 1/1 for Microsoft.VisualStudio.TestPlatform.CommandLine.TestRunResultAggregator.TestRunMessageHandler, took 0 ms.
TpTrace Verbose: 0 : 62048, 4, 2023/07/04, 16:20:06.258, 1984276423377, vstest.console.dll, MulticastDelegateUtilities.SafeInvoke: InternalTestLoggerEvents.SendTestRunMessage: Invoking callback 1/1 for Microsoft.VisualStudio.TestPlatform.CommandLine.Internal.ConsoleLogger.TestMessageHandler, took 0 ms.
TpTrace Information: 0 : 62048, 7, 2023/07/04, 16:20:06.258, 1984276423877, vstest.console.dll, TestRunRequest:SendTestRunMessage: Completed.
TpTrace Verbose: 0 : 62048, 7, 2023/07/04, 16:20:06.259, 1984276426029, vstest.console.dll, ProxyExecutionManager: Test host is always Lazy initialize.
TpTrace Verbose: 0 : 62048, 7, 2023/07/04, 16:20:06.259, 1984276429211, vstest.console.dll, TestRequestSender.InitializeCommunication: initialize communication. 
TpTrace Information: 0 : 62048, 7, 2023/07/04, 16:20:06.259, 1984276434504, vstest.console.dll, SocketServer.Start: Listening on endpoint : 127.0.0.1:49353
TpTrace Verbose: 0 : 62048, 7, 2023/07/04, 16:20:06.260, 1984276439170, vstest.console.dll, DotnetTestHostmanager.GetTestHostProcessStartInfo: Platform environment 'X64' target architecture 'X64' framework '.NETCoreApp,Version=v6.0' OS 'Windows'
TpTrace Verbose: 0 : 62048, 7, 2023/07/04, 16:20:06.260, 1984276441071, vstest.console.dll, DotnetTestHostmanager: Adding  --runtimeconfig "C:\Users\Pradeepa.lakshmanan\source\repos\ConsoleAppPipeline\ConsoleappTest\bin\Debug\net6.0\fine-code-coverage\build-output\ConsoleappTest.runtimeconfig.json" in args
TpTrace Verbose: 0 : 62048, 7, 2023/07/04, 16:20:06.260, 1984276442607, vstest.console.dll, DotnetTestHostmanager: Adding  --depsfile "C:\Users\Pradeepa.lakshmanan\source\repos\ConsoleAppPipeline\ConsoleappTest\bin\Debug\net6.0\fine-code-coverage\build-output\ConsoleappTest.deps.json" in args
TpTrace Verbose: 0 : 62048, 7, 2023/07/04, 16:20:06.260, 1984276445135, vstest.console.dll, DotnetTestHostmanager.IsWinOnArm: Current PROCESSOR_ARCHITECTURE from environment variable 'AMD64'
TpTrace Verbose: 0 : 62048, 7, 2023/07/04, 16:20:06.260, 1984276445573, vstest.console.dll, DotnetTestHostmanager.IsWinOnArm: Is Windows on ARM 'False'
TpTrace Verbose: 0 : 62048, 7, 2023/07/04, 16:20:06.261, 1984276446525, vstest.console.dll, DotnetTestHostManager: testhost.exe found at path: C:\Users\Pradeepa.lakshmanan\source\repos\ConsoleAppPipeline\ConsoleappTest\bin\Debug\net6.0\fine-code-coverage\build-output\testhost.exe
TpTrace Verbose: 0 : 62048, 7, 2023/07/04, 16:20:06.261, 1984276446831, vstest.console.dll, DotnetTestHostmanager: Full path of host exe is C:\Users\Pradeepa.lakshmanan\source\repos\ConsoleAppPipeline\ConsoleappTest\bin\Debug\net6.0\fine-code-coverage\build-output\testhost.exe
TpTrace Verbose: 0 : 62048, 7, 2023/07/04, 16:20:06.261, 1984276447682, vstest.console.dll, DotnetTestHostmanager.LaunchTestHostAsync: Found 'VSTEST_WINAPPHOST_DOTNET_ROOT' in env variables, value 'C:\Program Files\dotnet', forwarding to 'DOTNET_ROOT'
TpTrace Verbose: 0 : 62048, 7, 2023/07/04, 16:20:06.261, 1984276448552, vstest.console.dll, DotnetTestHostManager: Starting process 'C:\Users\Pradeepa.lakshmanan\source\repos\ConsoleAppPipeline\ConsoleappTest\bin\Debug\net6.0\fine-code-coverage\build-output\testhost.exe' with command line ' --runtimeconfig "C:\Users\Pradeepa.lakshmanan\source\repos\ConsoleAppPipeline\ConsoleappTest\bin\Debug\net6.0\fine-code-coverage\build-output\ConsoleappTest.runtimeconfig.json" --depsfile "C:\Users\Pradeepa.lakshmanan\source\repos\ConsoleAppPipeline\ConsoleappTest\bin\Debug\net6.0\fine-code-coverage\build-output\ConsoleappTest.deps.json" --port 49353 --endpoint 127.0.0.1:049353 --role client --parentprocessid 62048 --diag "C:\Users\Pradeepa.lakshmanan\source\repos\ConsoleAppPipeline\ConsoleappTest\bin\Debug\net6.0\fine-code-coverage\coverage-tool-output\diagnostics.host.23-07-04_16-20-06_26010_7.log" --tracelevel 4 --datacollectionport 49352 --telemetryoptedin false'
TpTrace Verbose: 0 : 62048, 7, 2023/07/04, 16:20:06.292, 1984276759108, vstest.console.dll, MulticastDelegateUtilities.SafeInvoke: HostProviderEvents.OnHostLaunched: Invoking callback 1/2 for Microsoft.VisualStudio.TestPlatform.CrossPlatEngine.Client.ProxyExecutionManagerWithDataCollection.TestHostLaunchedHandler, took 1 ms.
TpTrace Verbose: 0 : 62048, 7, 2023/07/04, 16:20:06.292, 1984276760641, vstest.console.dll, Test Runtime launched
TpTrace Verbose: 0 : 62048, 7, 2023/07/04, 16:20:06.292, 1984276761111, vstest.console.dll, MulticastDelegateUtilities.SafeInvoke: HostProviderEvents.OnHostLaunched: Invoking callback 2/2 for Microsoft.VisualStudio.TestPlatform.CrossPlatEngine.Client.ProxyOperationManager.TestHostManagerHostLaunched, took 0 ms.
TpTrace Verbose: 0 : 62048, 7, 2023/07/04, 16:20:06.292, 1984276762335, vstest.console.dll, TestRequestSender.WaitForRequestHandlerConnection: waiting for connection with timeout: 90000.
TpTrace Verbose: 0 : 62048, 7, 2023/07/04, 16:20:06.563, 1984279470298, vstest.console.dll, TestRequestSender.WaitForRequestHandlerConnection: waiting took 270 ms, with timeout 90000 ms, and result 0, which is success.
TpTrace Verbose: 0 : 62048, 10, 2023/07/04, 16:20:06.563, 1984279470298, vstest.console.dll, MulticastDelegateUtilities.SafeInvoke: SocketServer: ClientConnected: Invoking callback 1/1 for Microsoft.VisualStudio.TestPlatform.CommunicationUtilities.TestRequestSender.<InitializeCommunication>b__24_0, took 0 ms.
TpTrace Verbose: 0 : 62048, 10, 2023/07/04, 16:20:06.563, 1984279472403, vstest.console.dll, SocketServer.OnClientConnected: Client connected for endPoint: 127.0.0.1:49353, starting MessageLoopAsync:
TpTrace Verbose: 0 : 62048, 10, 2023/07/04, 16:20:06.564, 1984279476562, vstest.console.dll, TcpClientExtensions.MessageLoopAsync: Polling on remoteEndPoint: 127.0.0.1:49356 localEndPoint: 127.0.0.1:49353
TpTrace Verbose: 0 : 62048, 7, 2023/07/04, 16:20:06.564, 1984279480666, vstest.console.dll, TestRequestSender.CheckVersionWithTestHost: Sending check version message: {"MessageType":"ProtocolVersion","Payload":7}
TpTrace Verbose: 0 : 62048, 10, 2023/07/04, 16:20:06.707, 1984280912067, vstest.console.dll, TcpClientExtensions.MessageLoopAsync: NotifyDataAvailable remoteEndPoint: 127.0.0.1:49356 localEndPoint: 127.0.0.1:49353
TpTrace Verbose: 0 : 62048, 10, 2023/07/04, 16:20:06.707, 1984280915208, vstest.console.dll, TestRequestSender.CheckVersionWithTestHost: onMessageReceived received message: (ProtocolVersion) -> {"MessageType":"ProtocolVersion","Payload":5}
TpTrace Verbose: 0 : 62048, 10, 2023/07/04, 16:20:06.709, 1984280926463, vstest.console.dll, MulticastDelegateUtilities.SafeInvoke: LengthPrefixCommunicationChannel: MessageReceived: Invoking callback 1/1 for Microsoft.VisualStudio.TestPlatform.CommunicationUtilities.TestRequestSender+<>c__DisplayClass26_0.<CheckVersionWithTestHost>b__0, took 1 ms.
TpTrace Verbose: 0 : 62048, 7, 2023/07/04, 16:20:06.709, 1984280928387, vstest.console.dll, TestPluginCache.GetExtensionPaths: Filtered extension paths: 
TpTrace Verbose: 0 : 62048, 10, 2023/07/04, 16:20:06.709, 1984280930197, vstest.console.dll, TcpClientExtensions.MessageLoopAsync: Polling on remoteEndPoint: 127.0.0.1:49356 localEndPoint: 127.0.0.1:49353
TpTrace Verbose: 0 : 62048, 7, 2023/07/04, 16:20:06.709, 1984280930271, vstest.console.dll, TestPluginCache.GetExtensionPaths: Added default extension paths: C:\Program Files\dotnet\sdk\6.0.400\Extensions\Microsoft.Diagnostics.NETCore.Client.dll
C:\Program Files\dotnet\sdk\6.0.400\Extensions\Microsoft.TestPlatform.Extensions.BlameDataCollector.dll
C:\Program Files\dotnet\sdk\6.0.400\Extensions\Microsoft.TestPlatform.Extensions.EventLogCollector.dll
C:\Program Files\dotnet\sdk\6.0.400\Extensions\Microsoft.TestPlatform.TestHostRuntimeProvider.dll
C:\Program Files\dotnet\sdk\6.0.400\Extensions\Microsoft.VisualStudio.TestPlatform.Extensions.Html.TestLogger.dll
C:\Program Files\dotnet\sdk\6.0.400\Extensions\Microsoft.VisualStudio.TestPlatform.Extensions.Trx.TestLogger.dll
TpTrace Verbose: 0 : 62048, 7, 2023/07/04, 16:20:06.709, 1984280931448, vstest.console.dll, TestPluginCache.GetExtensionPaths: Added unfilterableExtensionPaths: 
TpTrace Verbose: 0 : 62048, 7, 2023/07/04, 16:20:06.713, 1984280969742, vstest.console.dll, TestRequestSender.InitializeExecution: Sending initialize execution with message: {"Version":5,"MessageType":"TestExecution.Initialize","Payload":["C:\\Users\\Pradeepa.lakshmanan\\source\\repos\\ConsoleAppPipeline\\ConsoleappTest\\bin\\Debug\\net6.0\\fine-code-coverage\\build-output\\Microsoft.VisualStudio.TestPlatform.MSTest.TestAdapter.dll"]}
TpTrace Warning: 0 : 62048, 7, 2023/07/04, 16:20:06.713, 1984280974908, vstest.console.dll, InferRunSettingsHelper.MakeRunsettingsCompatible: Removing the following settings: TargetPlatform from RunSettings file. To use those settings please move to latest version of Microsoft.NET.Test.Sdk
TpTrace Verbose: 0 : 62048, 10, 2023/07/04, 16:20:06.719, 1984281033363, vstest.console.dll, TcpClientExtensions.MessageLoopAsync: NotifyDataAvailable remoteEndPoint: 127.0.0.1:49356 localEndPoint: 127.0.0.1:49353
TpTrace Verbose: 0 : 62048, 10, 2023/07/04, 16:20:06.720, 1984281036180, vstest.console.dll, TestRequestSender.OnExecutionMessageReceived: Received message: {"Version":5,"MessageType":"TestSession.Message","Payload":{"MessageLevel":0,"Message":"Logging TestHost Diagnostics in file: C:\\Users\\Pradeepa.lakshmanan\\source\\repos\\ConsoleAppPipeline\\ConsoleappTest\\bin\\Debug\\net6.0\\fine-code-coverage\\coverage-tool-output\\diagnostics.host.23-07-04_16-20-06_26010_7.log"}}
TpTrace Verbose: 0 : 62048, 7, 2023/07/04, 16:20:06.722, 1984281064342, vstest.console.dll, TestRequestSender.StartTestRun: Sending test run with message: {"Version":5,"MessageType":"TestExecution.StartWithSources","Payload":{"AdapterSourceMap":{"_none_":["C:\\Users\\Pradeepa.lakshmanan\\source\\repos\\ConsoleAppPipeline\\ConsoleappTest\\bin\\Debug\\net6.0\\fine-code-coverage\\build-output\\ConsoleappTest.dll"]},"RunSettings":"<RunSettings>\r\n  <RunConfiguration>\r\n    <ResultsDirectory>C:\\Users\\Pradeepa.lakshmanan\\source\\repos\\ConsoleAppPipeline\\ConsoleappTest\\bin\\Debug\\net6.0\\fine-code-coverage\\coverage-tool-output</ResultsDirectory>\r\n    <TargetFrameworkVersion>.NETCoreApp,Version=v6.0</TargetFrameworkVersion>\r\n    <DesignMode>False</DesignMode>\r\n    <CollectSourceInformation>False</CollectSourceInformation>\r\n  </RunConfiguration>\r\n  <LoggerRunSettings>\r\n    <Loggers>\r\n      <Logger friendlyName=\"blame\" enabled=\"True\" />\r\n      <Logger friendlyName=\"Console\" uri=\"logger://microsoft/TestPlatform/ConsoleLogger/v1\" assemblyQualifiedName=\"Microsoft.VisualStudio.TestPlatform.CommandLine.Internal.ConsoleLogger, vstest.console, Version=15.0.0.0, Culture=neutral, PublicKeyToken=b03f5f7f11d50a3a\" codeBase=\"C:\\Program Files\\dotnet\\sdk\\6.0.400\\vstest.console.dll\" enabled=\"True\" />\r\n    </Loggers>\r\n  </LoggerRunSettings>\r\n  <DataCollectionRunSettings>\r\n    <DataCollectors>\r\n      <DataCollector friendlyName=\"blame\" enabled=\"True\">\r\n        <Configuration>\r\n          <ResultsDirectory>C:\\Users\\Pradeepa.lakshmanan\\source\\repos\\ConsoleAppPipeline\\ConsoleappTest\\bin\\Debug\\net6.0\\fine-code-coverage\\coverage-tool-output</ResultsDirectory>\r\n        </Configuration>\r\n      </DataCollector>\r\n    </DataCollectors>\r\n  </DataCollectionRunSettings>\r\n</RunSettings>","TestExecutionContext":{"FrequencyOfRunStatsChangeEvent":10,"RunStatsChangeEventTimeout":"00:00:01.5000000","InIsolation":false,"KeepAlive":false,"AreTestCaseLevelEventsRequired":false,"IsDebug":false,"TestCaseFilter":null,"FilterOptions":null},"Package":null}}
TpTrace Verbose: 0 : 62048, 10, 2023/07/04, 16:20:06.723, 1984281066514, vstest.console.dll, TestRunRequest:SendTestRunMessage: Starting.
TpTrace Verbose: 0 : 62048, 10, 2023/07/04, 16:20:06.723, 1984281067656, vstest.console.dll, MulticastDelegateUtilities.SafeInvoke: TestRun.LogMessages: Invoking callback 1/1 for Microsoft.VisualStudio.TestPlatform.CommandLine.TestRunResultAggregator.TestRunMessageHandler, took 0 ms.
TpTrace Verbose: 0 : 62048, 4, 2023/07/04, 16:20:06.723, 1984281067840, vstest.console.dll, MulticastDelegateUtilities.SafeInvoke: InternalTestLoggerEvents.SendTestRunMessage: Invoking callback 1/1 for Microsoft.VisualStudio.TestPlatform.CommandLine.Internal.ConsoleLogger.TestMessageHandler, took 0 ms.
TpTrace Information: 0 : 62048, 10, 2023/07/04, 16:20:06.723, 1984281068872, vstest.console.dll, TestRunRequest:SendTestRunMessage: Completed.
TpTrace Verbose: 0 : 62048, 10, 2023/07/04, 16:20:06.723, 1984281069541, vstest.console.dll, MulticastDelegateUtilities.SafeInvoke: LengthPrefixCommunicationChannel: MessageReceived: Invoking callback 1/1 for Microsoft.VisualStudio.TestPlatform.CommunicationUtilities.TestRequestSender+<>c__DisplayClass31_0.<StartTestRun>b__1, took 3 ms.
TpTrace Verbose: 0 : 62048, 10, 2023/07/04, 16:20:06.723, 1984281069970, vstest.console.dll, TcpClientExtensions.MessageLoopAsync: Polling on remoteEndPoint: 127.0.0.1:49356 localEndPoint: 127.0.0.1:49353
TpTrace Verbose: 0 : 62048, 10, 2023/07/04, 16:20:07.318, 1984287024872, vstest.console.dll, TcpClientExtensions.MessageLoopAsync: NotifyDataAvailable remoteEndPoint: 127.0.0.1:49356 localEndPoint: 127.0.0.1:49353
TpTrace Verbose: 0 : 62048, 10, 2023/07/04, 16:20:07.319, 1984287027070, vstest.console.dll, TestRequestSender.OnExecutionMessageReceived: Received message: {"Version":5,"MessageType":"TestExecution.Completed","Payload":{"TestRunCompleteArgs":{"TestRunStatistics":{"ExecutedTests":1,"Stats":{"Passed":1}},"IsCanceled":false,"IsAborted":false,"Error":null,"AttachmentSets":[],"ElapsedTimeInRunningTests":"00:00:00.3959688","Metrics":{}},"LastRunTests":{"NewTestResults":[{"TestCase":{"Id":"78c2efee-dce8-43c4-ebbc-5f5a1b06523d","FullyQualifiedName":"ConsoleappTest.ProgramTest.TestMethod1","DisplayName":"TestMethod1","ExecutorUri":"executor://MSTestAdapter/v2","Source":"C:\\Users\\Pradeepa.lakshmanan\\source\\repos\\ConsoleAppPipeline\\ConsoleappTest\\bin\\Debug\\net6.0\\fine-code-coverage\\build-output\\ConsoleappTest.dll","CodeFilePath":null,"LineNumber":-1,"Properties":[{"Key":{"Id":"TestCase.ManagedType","Label":"ManagedType","Category":"","Description":"","Attributes":1,"ValueType":"System.String"},"Value":"ConsoleappTest.ProgramTest"},{"Key":{"Id":"TestCase.ManagedMethod","Label":"ManagedMethod","Category":"","Description":"","Attributes":1,"ValueType":"System.String"},"Value":"TestMethod1"},{"Key":{"Id":"MSTestDiscoverer.TestClassName","Label":"ClassName","Category":"","Description":"","Attributes":1,"ValueType":"System.String"},"Value":"ConsoleappTest.ProgramTest"},{"Key":{"Id":"TestCase.Hierarchy","Label":"Hierarchy","Category":"","Description":"","Attributes":2,"ValueType":"System.String[]"},"Value":["ConsoleappTest","ProgramTest"]},{"Key":{"Id":"TestObject.Traits","Label":"Traits","Category":"","Description":"","Attributes":5,"ValueType":"System.Collections.Generic.KeyValuePair`2[[System.String],[System.String]][]"},"Value":[]}]},"Attachments":[],"Outcome":1,"ErrorMessage":null,"ErrorStackTrace":null,"DisplayName":"TestMethod1","Messages":[{"Category":"StdOutMsgs","Text":"Hello,My Console App\r\n"}],"ComputerName":null,"Duration":"00:00:00.0975856","StartTime":"2023-07-04T16:20:07.1391071+05:30","EndTime":"2023-07-04T16:20:07.2536386+05:30","Properties":[{"Key":{"Id":"ExecutionId","Label":"ExecutionId","Category":"","Description":"","Attributes":1,"ValueType":"System.Guid"},"Value":"00000000-0000-0000-0000-000000000000"},{"Key":{"Id":"ParentExecId","Label":"ParentExecId","Category":"","Description":"","Attributes":1,"ValueType":"System.Guid"},"Value":"00000000-0000-0000-0000-000000000000"},{"Key":{"Id":"InnerResultsCount","Label":"InnerResultsCount","Category":"","Description":"","Attributes":1,"ValueType":"System.Int32"},"Value":0}]}],"TestRunStatistics":{"ExecutedTests":1,"Stats":{"Passed":1}},"ActiveTests":[]},"RunAttachments":[],"ExecutorUris":["executor://mstestadapter/v2"]}}
TpTrace Verbose: 0 : 62048, 10, 2023/07/04, 16:20:07.319, 1984287028217, vstest.console.dll, TestRequestSender.EndSession: Sending end session.
TpTrace Verbose: 0 : 62048, 10, 2023/07/04, 16:20:07.319, 1984287030445, vstest.console.dll, ProxyOperationManager.Close: waiting for test host to exit for 100 ms
TpTrace Warning: 0 : 62048, 12, 2023/07/04, 16:20:07.336, 1984287203369, vstest.console.dll, TestHostManagerCallbacks.ErrorReceivedCallback Test host standard error line: 
TpTrace Verbose: 0 : 62048, 12, 2023/07/04, 16:20:07.343, 1984287266835, vstest.console.dll, TestHostProvider.ExitCallBack: Host exited starting callback.
TpTrace Information: 0 : 62048, 12, 2023/07/04, 16:20:07.343, 1984287271599, vstest.console.dll, TestHostManagerCallbacks.ExitCallBack: Testhost processId: 38704 exited with exitcode: 0 error: ''
TpTrace Verbose: 0 : 62048, 12, 2023/07/04, 16:20:07.343, 1984287272466, vstest.console.dll, DotnetTestHostManager.OnHostExited: invoking OnHostExited callback
TpTrace Verbose: 0 : 62048, 12, 2023/07/04, 16:20:07.343, 1984287273090, vstest.console.dll, CrossPlatEngine.TestHostManagerHostExited: calling on client process exit callback.
TpTrace Information: 0 : 62048, 12, 2023/07/04, 16:20:07.343, 1984287273645, vstest.console.dll, TestRequestSender.OnClientProcessExit: Test host process exited. Standard error: 
TpTrace Information: 0 : 62048, 12, 2023/07/04, 16:20:07.343, 1984287274043, vstest.console.dll, SocketServer.Stop: Stop server endPoint: 127.0.0.1:49353
TpTrace Information: 0 : 62048, 12, 2023/07/04, 16:20:07.343, 1984287274320, vstest.console.dll, SocketServer.Stop: Cancellation requested. Stopping message loop.
TpTrace Information: 0 : 62048, 10, 2023/07/04, 16:20:07.343, 1984287274286, vstest.console.dll, SocketServer.Stop: Stop server endPoint: 127.0.0.1:49353
TpTrace Information: 0 : 62048, 10, 2023/07/04, 16:20:07.343, 1984287275176, vstest.console.dll, SocketServer.Stop: Cancellation requested. Stopping message loop.
TpTrace Information: 0 : 62048, 10, 2023/07/04, 16:20:07.343, 1984287275518, vstest.console.dll, Closing the connection
TpTrace Verbose: 0 : 62048, 12, 2023/07/04, 16:20:07.343, 1984287275479, vstest.console.dll, MulticastDelegateUtilities.SafeInvoke: HostProviderEvents.OnHostExited: Invoking callback 1/1 for Microsoft.VisualStudio.TestPlatform.CrossPlatEngine.Client.ProxyOperationManager.TestHostManagerHostExited, took 0 ms.
TpTrace Verbose: 0 : 62048, 10, 2023/07/04, 16:20:07.344, 1984287277540, vstest.console.dll, ProxyDataCollectionManager.InvokeDataCollectionServiceAction: Starting.
TpTrace Information: 0 : 62048, 10, 2023/07/04, 16:20:07.344, 1984287277893, vstest.console.dll, ProxyDataCollectionManager.AfterTestRunEnd: Get attachment set and invoked data collectors processId: 16456 port: 49350
TpTrace Verbose: 0 : 62048, 10, 2023/07/04, 16:20:07.344, 1984287278196, vstest.console.dll, DataCollectionRequestSender.SendAfterTestRunStartAndGetResult: Send AfterTestRunEnd message with isCancelled: False
TpTrace Verbose: 0 : 62048, 10, 2023/07/04, 16:20:07.349, 1984287327349, vstest.console.dll, DataCollectionRequestSender.SendAfterTestRunStartAndGetResult: Received message: (DataCollection.AfterTestRunEndResult) -> {"MessageType":"DataCollection.AfterTestRunEndResult","Payload":{"AttachmentSets":[],"InvokedDataCollectors":[{"Uri":"datacollector://Microsoft/TestPlatform/Extensions/Blame/v1","FriendlyName":"Blame","AssemblyQualifiedName":"Microsoft.TestPlatform.Extensions.BlameDataCollector.BlameCollector, Microsoft.TestPlatform.Extensions.BlameDataCollector, Version=15.0.0.0, Culture=neutral, PublicKeyToken=b03f5f7f11d50a3a","FilePath":"C:\\Program Files\\dotnet\\sdk\\6.0.400\\Extensions\\Microsoft.TestPlatform.Extensions.BlameDataCollector.dll","HasAttachmentProcessor":false}],"Metrics":{}}}
TpTrace Information: 0 : 62048, 10, 2023/07/04, 16:20:07.355, 1984287389572, vstest.console.dll, ProxyDataCollectionManager.InvokeDataCollectionServiceAction: Completed.
TpTrace Warning: 0 : 62048, 9, 2023/07/04, 16:20:07.357, 1984287409089, vstest.console.dll, DataCollectionLauncher.ErrorReceivedCallback datacollector standard error line: 
TpTrace Information: 0 : 62048, 9, 2023/07/04, 16:20:07.363, 1984287469276, vstest.console.dll, DataCollectionLauncher.ExitCallBack: Data collector exited with exitcode: 0 error: ''
TpTrace Verbose: 0 : 62048, 10, 2023/07/04, 16:20:07.433, 1984288174155, vstest.console.dll, TestRunRequest:SendTestRunStatsChange: Starting.
TpTrace Verbose: 0 : 62048, 10, 2023/07/04, 16:20:07.434, 1984288178106, vstest.console.dll, MulticastDelegateUtilities.SafeInvoke: TestRun.RunStatsChanged: Invoking callbacks was skipped because there are no subscribers.
TpTrace Information: 0 : 62048, 10, 2023/07/04, 16:20:07.434, 1984288179059, vstest.console.dll, TestRunRequest:SendTestRunStatsChange: Completed.
TpTrace Verbose: 0 : 62048, 10, 2023/07/04, 16:20:07.434, 1984288182655, vstest.console.dll, ParallelProxyExecutionManager: HandlePartialRunComplete: Total completed clients = 1, Run complete = True, Run canceled: False.
TpTrace Verbose: 0 : 62048, 4, 2023/07/04, 16:20:07.437, 1984288209765, vstest.console.dll, MulticastDelegateUtilities.SafeInvoke: InternalTestLoggerEvents.SendTestResult: Invoking callback 1/1 for Microsoft.VisualStudio.TestPlatform.CommandLine.Internal.ConsoleLogger.TestResultHandler, took 2 ms.
TpTrace Verbose: 0 : 62048, 4, 2023/07/04, 16:20:07.444, 1984288285853, vstest.console.dll, MulticastDelegateUtilities.SafeInvoke: InternalTestLoggerEvents.SendTestRunComplete: Invoking callback 1/2 for Microsoft.TestPlatform.Extensions.BlameDataCollector.BlameLogger.TestRunCompleteHandler, took 0 ms.
TpTrace Verbose: 0 : 62048, 4, 2023/07/04, 16:20:07.449, 1984288330952, vstest.console.dll, MulticastDelegateUtilities.SafeInvoke: InternalTestLoggerEvents.SendTestRunComplete: Invoking callback 2/2 for Microsoft.VisualStudio.TestPlatform.CommandLine.Internal.ConsoleLogger.TestRunCompleteHandler, took 4 ms.
TpTrace Verbose: 0 : 62048, 10, 2023/07/04, 16:20:07.449, 1984288335270, vstest.console.dll, TestRunRequest:TestRunComplete: Starting. IsAborted:False IsCanceled:False.
TpTrace Verbose: 0 : 62048, 10, 2023/07/04, 16:20:07.451, 1984288348633, vstest.console.dll, TestLoggerManager.HandleTestRunComplete: Ignoring as the object is disposed.
TpTrace Verbose: 0 : 62048, 10, 2023/07/04, 16:20:07.451, 1984288350605, vstest.console.dll, MulticastDelegateUtilities.SafeInvoke: TestRun.TestRunComplete: Invoking callback 1/2 for Microsoft.VisualStudio.TestPlatform.CommandLine.TestRunResultAggregator.TestRunCompletionHandler, took 0 ms.
TpTrace Verbose: 0 : 62048, 10, 2023/07/04, 16:20:07.451, 1984288351317, vstest.console.dll, MulticastDelegateUtilities.SafeInvoke: TestRun.TestRunComplete: Invoking callback 2/2 for Microsoft.VisualStudio.TestPlatform.CommandLine.Processors.RunTestsArgumentExecutor+TestRunRequestEventsRegistrar.TestRunRequest_OnRunCompletion, took 0 ms.
TpTrace Information: 0 : 62048, 10, 2023/07/04, 16:20:07.451, 1984288352123, vstest.console.dll, TestRunRequest:TestRunComplete: Completed.
TpTrace Verbose: 0 : 62048, 10, 2023/07/04, 16:20:07.451, 1984288352461, vstest.console.dll, TestRequestSender.SetOperationComplete: Setting operation complete.
TpTrace Verbose: 0 : 62048, 1, 2023/07/04, 16:20:07.451, 1984288352587, vstest.console.dll, TestRunRequest.Dispose: Starting.
TpTrace Information: 0 : 62048, 10, 2023/07/04, 16:20:07.451, 1984288352686, vstest.console.dll, SocketServer.Stop: Stop server endPoint: 127.0.0.1:49353
TpTrace Information: 0 : 62048, 10, 2023/07/04, 16:20:07.451, 1984288353643, vstest.console.dll, SocketServer.Stop: Cancellation requested. Stopping message loop.
TpTrace Information: 0 : 62048, 1, 2023/07/04, 16:20:07.451, 1984288353437, vstest.console.dll, TestRunRequest.Dispose: Completed.
TpTrace Information: 0 : 62048, 1, 2023/07/04, 16:20:07.451, 1984288354237, vstest.console.dll, TestRequestManager.RunTests: run tests completed.
TpTrace Verbose: 0 : 62048, 10, 2023/07/04, 16:20:07.451, 1984288354235, vstest.console.dll, MulticastDelegateUtilities.SafeInvoke: LengthPrefixCommunicationChannel: MessageReceived: Invoking callback 1/1 for Microsoft.VisualStudio.TestPlatform.CommunicationUtilities.TestRequestSender+<>c__DisplayClass31_0.<StartTestRun>b__1, took 132 ms.
TpTrace Information: 0 : 62048, 10, 2023/07/04, 16:20:07.451, 1984288354947, vstest.console.dll, SocketServer.PrivateStop: Stopping server endPoint: 127.0.0.1:49353 error: 
TpTrace Information: 0 : 62048, 1, 2023/07/04, 16:20:07.451, 1984288354985, vstest.console.dll, RunTestsArgumentProcessor:Execute: Test run is completed.
TpTrace Verbose: 0 : 62048, 1, 2023/07/04, 16:20:07.452, 1984288357410, vstest.console.dll, Executor.Execute: Exiting with exit code of 0
TpTrace Verbose: 0 : 62048, 10, 2023/07/04, 16:20:07.452, 1984288359770, vstest.console.dll, LengthPrefixCommunicationChannel.Dispose: Dispose reader and writer.
TpTrace Information: 0 : 62048, 10, 2023/07/04, 16:20:07.452, 1984288360513, vstest.console.dll, SocketServer.Stop: Raise disconnected event endPoint: 127.0.0.1:49353 error: 
TpTrace Verbose: 0 : 62048, 10, 2023/07/04, 16:20:07.452, 1984288361041, vstest.console.dll, TestRequestSender: OnTestRunAbort: Operation is already complete. Skip error message.
TpTrace Verbose: 0 : 62048, 10, 2023/07/04, 16:20:07.452, 1984288361348, vstest.console.dll, MulticastDelegateUtilities.SafeInvoke: SocketServer: ClientDisconnected: Invoking callback 1/1 for Microsoft.VisualStudio.TestPlatform.CommunicationUtilities.TestRequestSender.<InitializeCommunication>b__24_1, took 0 ms.
TpTrace Verbose: 0 : 62048, 10, 2023/07/04, 16:20:07.452, 1984288361593, vstest.console.dll, TcpClientExtensions.MessageLoopAsync: exiting MessageLoopAsync remoteEndPoint: 127.0.0.1:49356 localEndPoint: 127.0.0.1:49353
